{"C:\\bolastudents\\backend\\src\\index.ts": {"path":"C:\\bolastudents\\backend\\src\\index.ts","statementMap":{"0":{"start":{"line":1,"column":0},"end":{"line":1,"column":67}},"1":{"start":{"line":2,"column":0},"end":{"line":2,"column":24}},"2":{"start":{"line":3,"column":0},"end":{"line":3,"column":28}},"3":{"start":{"line":4,"column":0},"end":{"line":4,"column":39}},"4":{"start":{"line":5,"column":0},"end":{"line":5,"column":44}},"5":{"start":{"line":6,"column":0},"end":{"line":6,"column":46}},"6":{"start":{"line":7,"column":0},"end":{"line":7,"column":44}},"7":{"start":{"line":8,"column":0},"end":{"line":8,"column":46}},"8":{"start":{"line":9,"column":0},"end":{"line":9,"column":52}},"9":{"start":{"line":10,"column":0},"end":{"line":10,"column":47}},"10":{"start":{"line":11,"column":0},"end":{"line":11,"column":46}},"11":{"start":{"line":12,"column":0},"end":{"line":12,"column":45}},"12":{"start":{"line":14,"column":0},"end":{"line":14,"column":16}},"13":{"start":{"line":16,"column":12},"end":{"line":16,"column":21}},"14":{"start":{"line":17,"column":13},"end":{"line":17,"column":37}},"15":{"start":{"line":20,"column":0},"end":{"line":23,"column":4}},"16":{"start":{"line":24,"column":0},"end":{"line":24,"column":24}},"17":{"start":{"line":25,"column":0},"end":{"line":25,"column":48}},"18":{"start":{"line":28,"column":0},"end":{"line":28,"column":33}},"19":{"start":{"line":29,"column":0},"end":{"line":29,"column":38}},"20":{"start":{"line":30,"column":0},"end":{"line":30,"column":40}},"21":{"start":{"line":31,"column":0},"end":{"line":31,"column":38}},"22":{"start":{"line":32,"column":0},"end":{"line":32,"column":40}},"23":{"start":{"line":33,"column":0},"end":{"line":33,"column":46}},"24":{"start":{"line":34,"column":0},"end":{"line":34,"column":41}},"25":{"start":{"line":35,"column":0},"end":{"line":35,"column":40}},"26":{"start":{"line":36,"column":0},"end":{"line":36,"column":39}},"27":{"start":{"line":39,"column":0},"end":{"line":41,"column":3}},"28":{"start":{"line":40,"column":2},"end":{"line":40,"column":74}},"29":{"start":{"line":44,"column":0},"end":{"line":49,"column":3}},"30":{"start":{"line":45,"column":2},"end":{"line":45,"column":21}},"31":{"start":{"line":46,"column":2},"end":{"line":48,"column":5}},"32":{"start":{"line":52,"column":0},"end":{"line":56,"column":1}},"33":{"start":{"line":53,"column":2},"end":{"line":55,"column":5}},"34":{"start":{"line":54,"column":4},"end":{"line":54,"column":50}},"35":{"start":{"line":58,"column":0},"end":{"line":58,"column":19}}},"fnMap":{"0":{"name":"(anonymous_1)","decl":{"start":{"line":39,"column":23},"end":{"line":39,"column":24}},"loc":{"start":{"line":39,"column":55},"end":{"line":41,"column":1}}},"1":{"name":"(anonymous_2)","decl":{"start":{"line":44,"column":8},"end":{"line":44,"column":9}},"loc":{"start":{"line":44,"column":70},"end":{"line":49,"column":1}}},"2":{"name":"(anonymous_3)","decl":{"start":{"line":53,"column":19},"end":{"line":53,"column":22}},"loc":{"start":{"line":53,"column":24},"end":{"line":55,"column":3}}}},"branchMap":{"0":{"loc":{"start":{"line":17,"column":13},"end":{"line":17,"column":37}},"type":"binary-expr","locations":[{"start":{"line":17,"column":13},"end":{"line":17,"column":29}},{"start":{"line":17,"column":33},"end":{"line":17,"column":37}}]},"1":{"loc":{"start":{"line":21,"column":10},"end":{"line":21,"column":61}},"type":"binary-expr","locations":[{"start":{"line":21,"column":10},"end":{"line":21,"column":34}},{"start":{"line":21,"column":38},"end":{"line":21,"column":61}}]},"2":{"loc":{"start":{"line":46,"column":13},"end":{"line":46,"column":30}},"type":"binary-expr","locations":[{"start":{"line":46,"column":13},"end":{"line":46,"column":23}},{"start":{"line":46,"column":27},"end":{"line":46,"column":30}}]},"3":{"loc":{"start":{"line":47,"column":11},"end":{"line":47,"column":49}},"type":"binary-expr","locations":[{"start":{"line":47,"column":11},"end":{"line":47,"column":22}},{"start":{"line":47,"column":26},"end":{"line":47,"column":49}}]},"4":{"loc":{"start":{"line":52,"column":0},"end":{"line":56,"column":1}},"type":"if","locations":[{"start":{"line":52,"column":0},"end":{"line":56,"column":1}},{"start":{},"end":{}}]}},"s":{"0":3,"1":3,"2":3,"3":3,"4":3,"5":3,"6":3,"7":3,"8":3,"9":3,"10":3,"11":3,"12":3,"13":3,"14":3,"15":3,"16":3,"17":3,"18":3,"19":3,"20":3,"21":3,"22":3,"23":3,"24":3,"25":3,"26":3,"27":3,"28":0,"29":3,"30":0,"31":0,"32":3,"33":0,"34":0,"35":3},"f":{"0":0,"1":0,"2":0},"b":{"0":[3,0],"1":[3,0],"2":[0,0],"3":[0,0],"4":[0,3]}}
,"C:\\bolastudents\\backend\\src\\middleware\\auth.ts": {"path":"C:\\bolastudents\\backend\\src\\middleware\\auth.ts","statementMap":{"0":{"start":{"line":2,"column":0},"end":{"line":2,"column":55}},"1":{"start":{"line":3,"column":0},"end":{"line":3,"column":41}},"2":{"start":{"line":9,"column":33},"end":{"line":24,"column":1}},"3":{"start":{"line":10,"column":21},"end":{"line":10,"column":49}},"4":{"start":{"line":11,"column":16},"end":{"line":11,"column":54}},"5":{"start":{"line":13,"column":2},"end":{"line":15,"column":3}},"6":{"start":{"line":14,"column":4},"end":{"line":14,"column":70}},"7":{"start":{"line":17,"column":2},"end":{"line":23,"column":3}},"8":{"start":{"line":18,"column":20},"end":{"line":18,"column":38}},"9":{"start":{"line":19,"column":4},"end":{"line":19,"column":23}},"10":{"start":{"line":20,"column":4},"end":{"line":20,"column":11}},"11":{"start":{"line":22,"column":4},"end":{"line":22,"column":83}},"12":{"start":{"line":9,"column":13},"end":{"line":9,"column":33}},"13":{"start":{"line":26,"column":27},"end":{"line":38,"column":1}},"14":{"start":{"line":27,"column":2},"end":{"line":37,"column":4}},"15":{"start":{"line":28,"column":4},"end":{"line":30,"column":5}},"16":{"start":{"line":29,"column":6},"end":{"line":29,"column":72}},"17":{"start":{"line":32,"column":4},"end":{"line":34,"column":5}},"18":{"start":{"line":33,"column":6},"end":{"line":33,"column":99}},"19":{"start":{"line":36,"column":4},"end":{"line":36,"column":11}},"20":{"start":{"line":26,"column":13},"end":{"line":26,"column":27}},"21":{"start":{"line":40,"column":39},"end":{"line":125,"column":1}},"22":{"start":{"line":41,"column":2},"end":{"line":124,"column":4}},"23":{"start":{"line":42,"column":4},"end":{"line":44,"column":5}},"24":{"start":{"line":43,"column":6},"end":{"line":43,"column":72}},"25":{"start":{"line":46,"column":4},"end":{"line":123,"column":5}},"26":{"start":{"line":47,"column":23},"end":{"line":47,"column":48}},"27":{"start":{"line":49,"column":6},"end":{"line":51,"column":7}},"28":{"start":{"line":50,"column":8},"end":{"line":50,"column":72}},"29":{"start":{"line":54,"column":21},"end":{"line":62,"column":8}},"30":{"start":{"line":64,"column":6},"end":{"line":66,"column":7}},"31":{"start":{"line":65,"column":8},"end":{"line":65,"column":67}},"32":{"start":{"line":68,"column":6},"end":{"line":70,"column":7}},"33":{"start":{"line":69,"column":8},"end":{"line":69,"column":67}},"34":{"start":{"line":73,"column":6},"end":{"line":75,"column":7}},"35":{"start":{"line":74,"column":8},"end":{"line":74,"column":22}},"36":{"start":{"line":78,"column":6},"end":{"line":80,"column":7}},"37":{"start":{"line":79,"column":8},"end":{"line":79,"column":22}},"38":{"start":{"line":83,"column":6},"end":{"line":115,"column":7}},"39":{"start":{"line":85,"column":8},"end":{"line":98,"column":9}},"40":{"start":{"line":87,"column":26},"end":{"line":93,"column":12}},"41":{"start":{"line":95,"column":10},"end":{"line":97,"column":11}},"42":{"start":{"line":96,"column":12},"end":{"line":96,"column":108}},"43":{"start":{"line":101,"column":27},"end":{"line":108,"column":10}},"44":{"start":{"line":110,"column":8},"end":{"line":112,"column":9}},"45":{"start":{"line":111,"column":10},"end":{"line":111,"column":88}},"46":{"start":{"line":114,"column":8},"end":{"line":114,"column":22}},"47":{"start":{"line":118,"column":6},"end":{"line":118,"column":97}},"48":{"start":{"line":121,"column":6},"end":{"line":121,"column":59}},"49":{"start":{"line":122,"column":6},"end":{"line":122,"column":77}},"50":{"start":{"line":40,"column":13},"end":{"line":40,"column":39}},"51":{"start":{"line":127,"column":35},"end":{"line":222,"column":1}},"52":{"start":{"line":128,"column":2},"end":{"line":221,"column":4}},"53":{"start":{"line":129,"column":4},"end":{"line":131,"column":5}},"54":{"start":{"line":130,"column":6},"end":{"line":130,"column":72}},"55":{"start":{"line":133,"column":4},"end":{"line":220,"column":5}},"56":{"start":{"line":134,"column":23},"end":{"line":134,"column":36}},"57":{"start":{"line":136,"column":6},"end":{"line":138,"column":7}},"58":{"start":{"line":137,"column":8},"end":{"line":137,"column":72}},"59":{"start":{"line":141,"column":21},"end":{"line":156,"column":8}},"60":{"start":{"line":158,"column":6},"end":{"line":160,"column":7}},"61":{"start":{"line":159,"column":8},"end":{"line":159,"column":67}},"62":{"start":{"line":162,"column":6},"end":{"line":164,"column":7}},"63":{"start":{"line":163,"column":8},"end":{"line":163,"column":67}},"64":{"start":{"line":166,"column":6},"end":{"line":168,"column":7}},"65":{"start":{"line":167,"column":8},"end":{"line":167,"column":67}},"66":{"start":{"line":171,"column":6},"end":{"line":173,"column":7}},"67":{"start":{"line":172,"column":8},"end":{"line":172,"column":22}},"68":{"start":{"line":176,"column":6},"end":{"line":178,"column":7}},"69":{"start":{"line":177,"column":8},"end":{"line":177,"column":22}},"70":{"start":{"line":181,"column":6},"end":{"line":212,"column":7}},"71":{"start":{"line":183,"column":8},"end":{"line":195,"column":9}},"72":{"start":{"line":184,"column":26},"end":{"line":190,"column":12}},"73":{"start":{"line":192,"column":10},"end":{"line":194,"column":11}},"74":{"start":{"line":193,"column":12},"end":{"line":193,"column":108}},"75":{"start":{"line":198,"column":27},"end":{"line":205,"column":10}},"76":{"start":{"line":207,"column":8},"end":{"line":209,"column":9}},"77":{"start":{"line":208,"column":10},"end":{"line":208,"column":88}},"78":{"start":{"line":211,"column":8},"end":{"line":211,"column":22}},"79":{"start":{"line":215,"column":6},"end":{"line":215,"column":97}},"80":{"start":{"line":218,"column":6},"end":{"line":218,"column":59}},"81":{"start":{"line":219,"column":6},"end":{"line":219,"column":77}},"82":{"start":{"line":127,"column":13},"end":{"line":127,"column":35}}},"fnMap":{"0":{"name":"(anonymous_0)","decl":{"start":{"line":9,"column":33},"end":{"line":9,"column":34}},"loc":{"start":{"line":9,"column":98},"end":{"line":24,"column":1}}},"1":{"name":"(anonymous_1)","decl":{"start":{"line":26,"column":27},"end":{"line":26,"column":28}},"loc":{"start":{"line":26,"column":47},"end":{"line":38,"column":1}}},"2":{"name":"(anonymous_2)","decl":{"start":{"line":27,"column":9},"end":{"line":27,"column":10}},"loc":{"start":{"line":27,"column":74},"end":{"line":37,"column":3}}},"3":{"name":"(anonymous_3)","decl":{"start":{"line":40,"column":39},"end":{"line":40,"column":40}},"loc":{"start":{"line":40,"column":78},"end":{"line":125,"column":1}}},"4":{"name":"(anonymous_4)","decl":{"start":{"line":41,"column":9},"end":{"line":41,"column":14}},"loc":{"start":{"line":41,"column":80},"end":{"line":124,"column":3}}},"5":{"name":"(anonymous_5)","decl":{"start":{"line":127,"column":35},"end":{"line":127,"column":38}},"loc":{"start":{"line":127,"column":40},"end":{"line":222,"column":1}}},"6":{"name":"(anonymous_6)","decl":{"start":{"line":128,"column":9},"end":{"line":128,"column":14}},"loc":{"start":{"line":128,"column":80},"end":{"line":221,"column":3}}}},"branchMap":{"0":{"loc":{"start":{"line":11,"column":16},"end":{"line":11,"column":54}},"type":"binary-expr","locations":[{"start":{"line":11,"column":16},"end":{"line":11,"column":26}},{"start":{"line":11,"column":30},"end":{"line":11,"column":54}}]},"1":{"loc":{"start":{"line":13,"column":2},"end":{"line":15,"column":3}},"type":"if","locations":[{"start":{"line":13,"column":2},"end":{"line":15,"column":3}},{"start":{},"end":{}}]},"2":{"loc":{"start":{"line":28,"column":4},"end":{"line":30,"column":5}},"type":"if","locations":[{"start":{"line":28,"column":4},"end":{"line":30,"column":5}},{"start":{},"end":{}}]},"3":{"loc":{"start":{"line":32,"column":4},"end":{"line":34,"column":5}},"type":"if","locations":[{"start":{"line":32,"column":4},"end":{"line":34,"column":5}},{"start":{},"end":{}}]},"4":{"loc":{"start":{"line":40,"column":40},"end":{"line":40,"column":74}},"type":"default-arg","locations":[{"start":{"line":40,"column":64},"end":{"line":40,"column":74}}]},"5":{"loc":{"start":{"line":42,"column":4},"end":{"line":44,"column":5}},"type":"if","locations":[{"start":{"line":42,"column":4},"end":{"line":44,"column":5}},{"start":{},"end":{}}]},"6":{"loc":{"start":{"line":49,"column":6},"end":{"line":51,"column":7}},"type":"if","locations":[{"start":{"line":49,"column":6},"end":{"line":51,"column":7}},{"start":{},"end":{}}]},"7":{"loc":{"start":{"line":64,"column":6},"end":{"line":66,"column":7}},"type":"if","locations":[{"start":{"line":64,"column":6},"end":{"line":66,"column":7}},{"start":{},"end":{}}]},"8":{"loc":{"start":{"line":68,"column":6},"end":{"line":70,"column":7}},"type":"if","locations":[{"start":{"line":68,"column":6},"end":{"line":70,"column":7}},{"start":{},"end":{}}]},"9":{"loc":{"start":{"line":73,"column":6},"end":{"line":75,"column":7}},"type":"if","locations":[{"start":{"line":73,"column":6},"end":{"line":75,"column":7}},{"start":{},"end":{}}]},"10":{"loc":{"start":{"line":73,"column":10},"end":{"line":73,"column":83}},"type":"binary-expr","locations":[{"start":{"line":73,"column":10},"end":{"line":73,"column":40}},{"start":{"line":73,"column":44},"end":{"line":73,"column":83}}]},"11":{"loc":{"start":{"line":78,"column":6},"end":{"line":80,"column":7}},"type":"if","locations":[{"start":{"line":78,"column":6},"end":{"line":80,"column":7}},{"start":{},"end":{}}]},"12":{"loc":{"start":{"line":83,"column":6},"end":{"line":115,"column":7}},"type":"if","locations":[{"start":{"line":83,"column":6},"end":{"line":115,"column":7}},{"start":{},"end":{}}]},"13":{"loc":{"start":{"line":85,"column":8},"end":{"line":98,"column":9}},"type":"if","locations":[{"start":{"line":85,"column":8},"end":{"line":98,"column":9}},{"start":{},"end":{}}]},"14":{"loc":{"start":{"line":95,"column":10},"end":{"line":97,"column":11}},"type":"if","locations":[{"start":{"line":95,"column":10},"end":{"line":97,"column":11}},{"start":{},"end":{}}]},"15":{"loc":{"start":{"line":110,"column":8},"end":{"line":112,"column":9}},"type":"if","locations":[{"start":{"line":110,"column":8},"end":{"line":112,"column":9}},{"start":{},"end":{}}]},"16":{"loc":{"start":{"line":129,"column":4},"end":{"line":131,"column":5}},"type":"if","locations":[{"start":{"line":129,"column":4},"end":{"line":131,"column":5}},{"start":{},"end":{}}]},"17":{"loc":{"start":{"line":136,"column":6},"end":{"line":138,"column":7}},"type":"if","locations":[{"start":{"line":136,"column":6},"end":{"line":138,"column":7}},{"start":{},"end":{}}]},"18":{"loc":{"start":{"line":158,"column":6},"end":{"line":160,"column":7}},"type":"if","locations":[{"start":{"line":158,"column":6},"end":{"line":160,"column":7}},{"start":{},"end":{}}]},"19":{"loc":{"start":{"line":162,"column":6},"end":{"line":164,"column":7}},"type":"if","locations":[{"start":{"line":162,"column":6},"end":{"line":164,"column":7}},{"start":{},"end":{}}]},"20":{"loc":{"start":{"line":166,"column":6},"end":{"line":168,"column":7}},"type":"if","locations":[{"start":{"line":166,"column":6},"end":{"line":168,"column":7}},{"start":{},"end":{}}]},"21":{"loc":{"start":{"line":171,"column":6},"end":{"line":173,"column":7}},"type":"if","locations":[{"start":{"line":171,"column":6},"end":{"line":173,"column":7}},{"start":{},"end":{}}]},"22":{"loc":{"start":{"line":171,"column":10},"end":{"line":171,"column":90}},"type":"binary-expr","locations":[{"start":{"line":171,"column":10},"end":{"line":171,"column":40}},{"start":{"line":171,"column":44},"end":{"line":171,"column":90}}]},"23":{"loc":{"start":{"line":176,"column":6},"end":{"line":178,"column":7}},"type":"if","locations":[{"start":{"line":176,"column":6},"end":{"line":178,"column":7}},{"start":{},"end":{}}]},"24":{"loc":{"start":{"line":181,"column":6},"end":{"line":212,"column":7}},"type":"if","locations":[{"start":{"line":181,"column":6},"end":{"line":212,"column":7}},{"start":{},"end":{}}]},"25":{"loc":{"start":{"line":183,"column":8},"end":{"line":195,"column":9}},"type":"if","locations":[{"start":{"line":183,"column":8},"end":{"line":195,"column":9}},{"start":{},"end":{}}]},"26":{"loc":{"start":{"line":192,"column":10},"end":{"line":194,"column":11}},"type":"if","locations":[{"start":{"line":192,"column":10},"end":{"line":194,"column":11}},{"start":{},"end":{}}]},"27":{"loc":{"start":{"line":207,"column":8},"end":{"line":209,"column":9}},"type":"if","locations":[{"start":{"line":207,"column":8},"end":{"line":209,"column":9}},{"start":{},"end":{}}]}},"s":{"0":5,"1":5,"2":5,"3":98,"4":98,"5":98,"6":25,"7":73,"8":73,"9":62,"10":62,"11":11,"12":5,"13":5,"14":60,"15":13,"16":0,"17":13,"18":5,"19":8,"20":5,"21":5,"22":253,"23":250,"24":0,"25":250,"26":250,"27":250,"28":0,"29":250,"30":250,"31":0,"32":250,"33":10,"34":240,"35":10,"36":230,"37":10,"38":220,"39":220,"40":210,"41":210,"42":100,"43":120,"44":120,"45":10,"46":110,"47":0,"48":0,"49":0,"50":5,"51":5,"52":6,"53":0,"54":0,"55":0,"56":0,"57":0,"58":0,"59":0,"60":0,"61":0,"62":0,"63":0,"64":0,"65":0,"66":0,"67":0,"68":0,"69":0,"70":0,"71":0,"72":0,"73":0,"74":0,"75":0,"76":0,"77":0,"78":0,"79":0,"80":0,"81":0,"82":5},"f":{"0":98,"1":60,"2":13,"3":253,"4":250,"5":6,"6":0},"b":{"0":[98,81],"1":[25,73],"2":[0,13],"3":[5,8],"4":[0],"5":[0,250],"6":[0,250],"7":[0,250],"8":[10,240],"9":[10,230],"10":[240,10],"11":[10,220],"12":[220,0],"13":[210,10],"14":[100,110],"15":[10,110],"16":[0,0],"17":[0,0],"18":[0,0],"19":[0,0],"20":[0,0],"21":[0,0],"22":[0,0],"23":[0,0],"24":[0,0],"25":[0,0],"26":[0,0],"27":[0,0]}}
,"C:\\bolastudents\\backend\\src\\routes\\assignments.ts": {"path":"C:\\bolastudents\\backend\\src\\routes\\assignments.ts","statementMap":{"0":{"start":{"line":1,"column":0},"end":{"line":1,"column":52}},"1":{"start":{"line":2,"column":0},"end":{"line":2,"column":66}},"2":{"start":{"line":3,"column":0},"end":{"line":3,"column":66}},"3":{"start":{"line":4,"column":0},"end":{"line":4,"column":90}},"4":{"start":{"line":6,"column":15},"end":{"line":6,"column":23}},"5":{"start":{"line":7,"column":26},"end":{"line":7,"column":49}},"6":{"start":{"line":8,"column":26},"end":{"line":8,"column":49}},"7":{"start":{"line":11,"column":0},"end":{"line":63,"column":3}},"8":{"start":{"line":12,"column":2},"end":{"line":62,"column":3}},"9":{"start":{"line":13,"column":71},"end":{"line":13,"column":79}},"10":{"start":{"line":16,"column":4},"end":{"line":20,"column":5}},"11":{"start":{"line":17,"column":6},"end":{"line":19,"column":9}},"12":{"start":{"line":23,"column":4},"end":{"line":27,"column":5}},"13":{"start":{"line":24,"column":6},"end":{"line":26,"column":9}},"14":{"start":{"line":30,"column":25},"end":{"line":30,"column":43}},"15":{"start":{"line":31,"column":4},"end":{"line":33,"column":5}},"16":{"start":{"line":32,"column":6},"end":{"line":32,"column":72}},"17":{"start":{"line":36,"column":4},"end":{"line":38,"column":5}},"18":{"start":{"line":37,"column":6},"end":{"line":37,"column":79}},"19":{"start":{"line":40,"column":27},"end":{"line":46,"column":6}},"20":{"start":{"line":48,"column":23},"end":{"line":48,"column":97}},"21":{"start":{"line":49,"column":4},"end":{"line":49,"column":41}},"22":{"start":{"line":51,"column":4},"end":{"line":51,"column":53}},"23":{"start":{"line":53,"column":4},"end":{"line":55,"column":5}},"24":{"start":{"line":54,"column":6},"end":{"line":54,"column":60}},"25":{"start":{"line":57,"column":4},"end":{"line":59,"column":5}},"26":{"start":{"line":58,"column":6},"end":{"line":58,"column":60}},"27":{"start":{"line":61,"column":4},"end":{"line":61,"column":51}},"28":{"start":{"line":66,"column":0},"end":{"line":93,"column":3}},"29":{"start":{"line":67,"column":2},"end":{"line":92,"column":3}},"30":{"start":{"line":68,"column":25},"end":{"line":68,"column":35}},"31":{"start":{"line":69,"column":24},"end":{"line":72,"column":null}},"32":{"start":{"line":74,"column":4},"end":{"line":74,"column":30}},"33":{"start":{"line":76,"column":4},"end":{"line":76,"column":58}},"34":{"start":{"line":78,"column":4},"end":{"line":80,"column":5}},"35":{"start":{"line":79,"column":6},"end":{"line":79,"column":60}},"36":{"start":{"line":82,"column":4},"end":{"line":85,"column":5}},"37":{"start":{"line":84,"column":6},"end":{"line":84,"column":60}},"38":{"start":{"line":87,"column":4},"end":{"line":89,"column":5}},"39":{"start":{"line":88,"column":6},"end":{"line":88,"column":60}},"40":{"start":{"line":91,"column":4},"end":{"line":91,"column":51}},"41":{"start":{"line":96,"column":0},"end":{"line":123,"column":3}},"42":{"start":{"line":97,"column":2},"end":{"line":122,"column":3}},"43":{"start":{"line":98,"column":19},"end":{"line":98,"column":29}},"44":{"start":{"line":99,"column":23},"end":{"line":102,"column":null}},"45":{"start":{"line":104,"column":4},"end":{"line":104,"column":29}},"46":{"start":{"line":106,"column":4},"end":{"line":106,"column":50}},"47":{"start":{"line":108,"column":4},"end":{"line":110,"column":5}},"48":{"start":{"line":109,"column":6},"end":{"line":109,"column":60}},"49":{"start":{"line":112,"column":4},"end":{"line":115,"column":5}},"50":{"start":{"line":114,"column":6},"end":{"line":114,"column":60}},"51":{"start":{"line":117,"column":4},"end":{"line":119,"column":5}},"52":{"start":{"line":118,"column":6},"end":{"line":118,"column":60}},"53":{"start":{"line":121,"column":4},"end":{"line":121,"column":51}},"54":{"start":{"line":126,"column":0},"end":{"line":166,"column":3}},"55":{"start":{"line":127,"column":2},"end":{"line":165,"column":3}},"56":{"start":{"line":128,"column":19},"end":{"line":128,"column":29}},"57":{"start":{"line":129,"column":61},"end":{"line":129,"column":69}},"58":{"start":{"line":131,"column":28},"end":{"line":131,"column":30}},"59":{"start":{"line":133,"column":4},"end":{"line":133,"column":54}},"60":{"start":{"line":133,"column":29},"end":{"line":133,"column":54}},"61":{"start":{"line":134,"column":4},"end":{"line":134,"column":72}},"62":{"start":{"line":134,"column":35},"end":{"line":134,"column":72}},"63":{"start":{"line":135,"column":4},"end":{"line":142,"column":5}},"64":{"start":{"line":136,"column":6},"end":{"line":140,"column":7}},"65":{"start":{"line":137,"column":8},"end":{"line":139,"column":11}},"66":{"start":{"line":141,"column":6},"end":{"line":141,"column":49}},"67":{"start":{"line":143,"column":4},"end":{"line":149,"column":5}},"68":{"start":{"line":144,"column":27},"end":{"line":144,"column":45}},"69":{"start":{"line":145,"column":6},"end":{"line":147,"column":7}},"70":{"start":{"line":146,"column":8},"end":{"line":146,"column":74}},"71":{"start":{"line":148,"column":6},"end":{"line":148,"column":41}},"72":{"start":{"line":151,"column":23},"end":{"line":151,"column":97}},"73":{"start":{"line":152,"column":4},"end":{"line":152,"column":29}},"74":{"start":{"line":154,"column":4},"end":{"line":154,"column":53}},"75":{"start":{"line":156,"column":4},"end":{"line":158,"column":5}},"76":{"start":{"line":157,"column":6},"end":{"line":157,"column":60}},"77":{"start":{"line":160,"column":4},"end":{"line":162,"column":5}},"78":{"start":{"line":161,"column":6},"end":{"line":161,"column":60}},"79":{"start":{"line":164,"column":4},"end":{"line":164,"column":51}},"80":{"start":{"line":169,"column":0},"end":{"line":187,"column":3}},"81":{"start":{"line":170,"column":2},"end":{"line":186,"column":3}},"82":{"start":{"line":171,"column":19},"end":{"line":171,"column":29}},"83":{"start":{"line":172,"column":19},"end":{"line":172,"column":81}},"84":{"start":{"line":173,"column":4},"end":{"line":173,"column":21}},"85":{"start":{"line":175,"column":4},"end":{"line":175,"column":53}},"86":{"start":{"line":177,"column":4},"end":{"line":179,"column":5}},"87":{"start":{"line":178,"column":6},"end":{"line":178,"column":60}},"88":{"start":{"line":181,"column":4},"end":{"line":183,"column":5}},"89":{"start":{"line":182,"column":6},"end":{"line":182,"column":60}},"90":{"start":{"line":185,"column":4},"end":{"line":185,"column":51}},"91":{"start":{"line":190,"column":0},"end":{"line":198,"column":3}},"92":{"start":{"line":191,"column":2},"end":{"line":197,"column":3}},"93":{"start":{"line":192,"column":24},"end":{"line":192,"column":92}},"94":{"start":{"line":193,"column":4},"end":{"line":193,"column":30}},"95":{"start":{"line":195,"column":4},"end":{"line":195,"column":62}},"96":{"start":{"line":196,"column":4},"end":{"line":196,"column":51}},"97":{"start":{"line":201,"column":0},"end":{"line":223,"column":3}},"98":{"start":{"line":202,"column":2},"end":{"line":222,"column":3}},"99":{"start":{"line":203,"column":19},"end":{"line":203,"column":29}},"100":{"start":{"line":204,"column":24},"end":{"line":207,"column":null}},"101":{"start":{"line":209,"column":4},"end":{"line":209,"column":30}},"102":{"start":{"line":211,"column":4},"end":{"line":211,"column":62}},"103":{"start":{"line":213,"column":4},"end":{"line":215,"column":5}},"104":{"start":{"line":214,"column":6},"end":{"line":214,"column":60}},"105":{"start":{"line":217,"column":4},"end":{"line":219,"column":5}},"106":{"start":{"line":218,"column":6},"end":{"line":218,"column":60}},"107":{"start":{"line":221,"column":4},"end":{"line":221,"column":51}},"108":{"start":{"line":226,"column":0},"end":{"line":275,"column":3}},"109":{"start":{"line":227,"column":2},"end":{"line":274,"column":3}},"110":{"start":{"line":228,"column":19},"end":{"line":228,"column":29}},"111":{"start":{"line":229,"column":49},"end":{"line":229,"column":57}},"112":{"start":{"line":232,"column":4},"end":{"line":236,"column":5}},"113":{"start":{"line":233,"column":6},"end":{"line":235,"column":9}},"114":{"start":{"line":239,"column":4},"end":{"line":243,"column":5}},"115":{"start":{"line":240,"column":6},"end":{"line":242,"column":9}},"116":{"start":{"line":245,"column":27},"end":{"line":250,"column":6}},"117":{"start":{"line":252,"column":23},"end":{"line":252,"column":97}},"118":{"start":{"line":253,"column":4},"end":{"line":253,"column":41}},"119":{"start":{"line":255,"column":4},"end":{"line":255,"column":53}},"120":{"start":{"line":257,"column":4},"end":{"line":259,"column":5}},"121":{"start":{"line":258,"column":6},"end":{"line":258,"column":60}},"122":{"start":{"line":261,"column":4},"end":{"line":263,"column":5}},"123":{"start":{"line":262,"column":6},"end":{"line":262,"column":60}},"124":{"start":{"line":265,"column":4},"end":{"line":267,"column":5}},"125":{"start":{"line":266,"column":6},"end":{"line":266,"column":60}},"126":{"start":{"line":269,"column":4},"end":{"line":271,"column":5}},"127":{"start":{"line":270,"column":6},"end":{"line":270,"column":60}},"128":{"start":{"line":273,"column":4},"end":{"line":273,"column":51}},"129":{"start":{"line":277,"column":0},"end":{"line":277,"column":22}}},"fnMap":{"0":{"name":"(anonymous_0)","decl":{"start":{"line":11,"column":74},"end":{"line":11,"column":79}},"loc":{"start":{"line":11,"column":125},"end":{"line":63,"column":1}}},"1":{"name":"(anonymous_1)","decl":{"start":{"line":66,"column":51},"end":{"line":66,"column":56}},"loc":{"start":{"line":66,"column":102},"end":{"line":93,"column":1}}},"2":{"name":"(anonymous_2)","decl":{"start":{"line":96,"column":38},"end":{"line":96,"column":43}},"loc":{"start":{"line":96,"column":89},"end":{"line":123,"column":1}}},"3":{"name":"(anonymous_3)","decl":{"start":{"line":126,"column":76},"end":{"line":126,"column":81}},"loc":{"start":{"line":126,"column":127},"end":{"line":166,"column":1}}},"4":{"name":"(anonymous_4)","decl":{"start":{"line":169,"column":79},"end":{"line":169,"column":84}},"loc":{"start":{"line":169,"column":130},"end":{"line":187,"column":1}}},"5":{"name":"(anonymous_5)","decl":{"start":{"line":190,"column":98},"end":{"line":190,"column":103}},"loc":{"start":{"line":190,"column":149},"end":{"line":198,"column":1}}},"6":{"name":"(anonymous_6)","decl":{"start":{"line":201,"column":88},"end":{"line":201,"column":93}},"loc":{"start":{"line":201,"column":139},"end":{"line":223,"column":1}}},"7":{"name":"(anonymous_7)","decl":{"start":{"line":226,"column":46},"end":{"line":226,"column":51}},"loc":{"start":{"line":226,"column":97},"end":{"line":275,"column":1}}}},"branchMap":{"0":{"loc":{"start":{"line":16,"column":4},"end":{"line":20,"column":5}},"type":"if","locations":[{"start":{"line":16,"column":4},"end":{"line":20,"column":5}},{"start":{},"end":{}}]},"1":{"loc":{"start":{"line":16,"column":8},"end":{"line":16,"column":75}},"type":"binary-expr","locations":[{"start":{"line":16,"column":8},"end":{"line":16,"column":17}},{"start":{"line":16,"column":21},"end":{"line":16,"column":27}},{"start":{"line":16,"column":31},"end":{"line":16,"column":43}},{"start":{"line":16,"column":47},"end":{"line":16,"column":62}},{"start":{"line":16,"column":66},"end":{"line":16,"column":75}}]},"2":{"loc":{"start":{"line":23,"column":4},"end":{"line":27,"column":5}},"type":"if","locations":[{"start":{"line":23,"column":4},"end":{"line":27,"column":5}},{"start":{},"end":{}}]},"3":{"loc":{"start":{"line":31,"column":4},"end":{"line":33,"column":5}},"type":"if","locations":[{"start":{"line":31,"column":4},"end":{"line":33,"column":5}},{"start":{},"end":{}}]},"4":{"loc":{"start":{"line":36,"column":4},"end":{"line":38,"column":5}},"type":"if","locations":[{"start":{"line":36,"column":4},"end":{"line":38,"column":5}},{"start":{},"end":{}}]},"5":{"loc":{"start":{"line":53,"column":4},"end":{"line":55,"column":5}},"type":"if","locations":[{"start":{"line":53,"column":4},"end":{"line":55,"column":5}},{"start":{},"end":{}}]},"6":{"loc":{"start":{"line":57,"column":4},"end":{"line":59,"column":5}},"type":"if","locations":[{"start":{"line":57,"column":4},"end":{"line":59,"column":5}},{"start":{},"end":{}}]},"7":{"loc":{"start":{"line":78,"column":4},"end":{"line":80,"column":5}},"type":"if","locations":[{"start":{"line":78,"column":4},"end":{"line":80,"column":5}},{"start":{},"end":{}}]},"8":{"loc":{"start":{"line":82,"column":4},"end":{"line":85,"column":5}},"type":"if","locations":[{"start":{"line":82,"column":4},"end":{"line":85,"column":5}},{"start":{},"end":{}}]},"9":{"loc":{"start":{"line":82,"column":8},"end":{"line":83,"column":63}},"type":"binary-expr","locations":[{"start":{"line":82,"column":8},"end":{"line":82,"column":90}},{"start":{"line":83,"column":8},"end":{"line":83,"column":63}}]},"10":{"loc":{"start":{"line":87,"column":4},"end":{"line":89,"column":5}},"type":"if","locations":[{"start":{"line":87,"column":4},"end":{"line":89,"column":5}},{"start":{},"end":{}}]},"11":{"loc":{"start":{"line":108,"column":4},"end":{"line":110,"column":5}},"type":"if","locations":[{"start":{"line":108,"column":4},"end":{"line":110,"column":5}},{"start":{},"end":{}}]},"12":{"loc":{"start":{"line":112,"column":4},"end":{"line":115,"column":5}},"type":"if","locations":[{"start":{"line":112,"column":4},"end":{"line":115,"column":5}},{"start":{},"end":{}}]},"13":{"loc":{"start":{"line":112,"column":8},"end":{"line":113,"column":63}},"type":"binary-expr","locations":[{"start":{"line":112,"column":8},"end":{"line":112,"column":78}},{"start":{"line":113,"column":8},"end":{"line":113,"column":63}}]},"14":{"loc":{"start":{"line":117,"column":4},"end":{"line":119,"column":5}},"type":"if","locations":[{"start":{"line":117,"column":4},"end":{"line":119,"column":5}},{"start":{},"end":{}}]},"15":{"loc":{"start":{"line":133,"column":4},"end":{"line":133,"column":54}},"type":"if","locations":[{"start":{"line":133,"column":4},"end":{"line":133,"column":54}},{"start":{},"end":{}}]},"16":{"loc":{"start":{"line":134,"column":4},"end":{"line":134,"column":72}},"type":"if","locations":[{"start":{"line":134,"column":4},"end":{"line":134,"column":72}},{"start":{},"end":{}}]},"17":{"loc":{"start":{"line":135,"column":4},"end":{"line":142,"column":5}},"type":"if","locations":[{"start":{"line":135,"column":4},"end":{"line":142,"column":5}},{"start":{},"end":{}}]},"18":{"loc":{"start":{"line":136,"column":6},"end":{"line":140,"column":7}},"type":"if","locations":[{"start":{"line":136,"column":6},"end":{"line":140,"column":7}},{"start":{},"end":{}}]},"19":{"loc":{"start":{"line":143,"column":4},"end":{"line":149,"column":5}},"type":"if","locations":[{"start":{"line":143,"column":4},"end":{"line":149,"column":5}},{"start":{},"end":{}}]},"20":{"loc":{"start":{"line":145,"column":6},"end":{"line":147,"column":7}},"type":"if","locations":[{"start":{"line":145,"column":6},"end":{"line":147,"column":7}},{"start":{},"end":{}}]},"21":{"loc":{"start":{"line":156,"column":4},"end":{"line":158,"column":5}},"type":"if","locations":[{"start":{"line":156,"column":4},"end":{"line":158,"column":5}},{"start":{},"end":{}}]},"22":{"loc":{"start":{"line":160,"column":4},"end":{"line":162,"column":5}},"type":"if","locations":[{"start":{"line":160,"column":4},"end":{"line":162,"column":5}},{"start":{},"end":{}}]},"23":{"loc":{"start":{"line":177,"column":4},"end":{"line":179,"column":5}},"type":"if","locations":[{"start":{"line":177,"column":4},"end":{"line":179,"column":5}},{"start":{},"end":{}}]},"24":{"loc":{"start":{"line":181,"column":4},"end":{"line":183,"column":5}},"type":"if","locations":[{"start":{"line":181,"column":4},"end":{"line":183,"column":5}},{"start":{},"end":{}}]},"25":{"loc":{"start":{"line":213,"column":4},"end":{"line":215,"column":5}},"type":"if","locations":[{"start":{"line":213,"column":4},"end":{"line":215,"column":5}},{"start":{},"end":{}}]},"26":{"loc":{"start":{"line":217,"column":4},"end":{"line":219,"column":5}},"type":"if","locations":[{"start":{"line":217,"column":4},"end":{"line":219,"column":5}},{"start":{},"end":{}}]},"27":{"loc":{"start":{"line":232,"column":4},"end":{"line":236,"column":5}},"type":"if","locations":[{"start":{"line":232,"column":4},"end":{"line":236,"column":5}},{"start":{},"end":{}}]},"28":{"loc":{"start":{"line":239,"column":4},"end":{"line":243,"column":5}},"type":"if","locations":[{"start":{"line":239,"column":4},"end":{"line":243,"column":5}},{"start":{},"end":{}}]},"29":{"loc":{"start":{"line":257,"column":4},"end":{"line":259,"column":5}},"type":"if","locations":[{"start":{"line":257,"column":4},"end":{"line":259,"column":5}},{"start":{},"end":{}}]},"30":{"loc":{"start":{"line":261,"column":4},"end":{"line":263,"column":5}},"type":"if","locations":[{"start":{"line":261,"column":4},"end":{"line":263,"column":5}},{"start":{},"end":{}}]},"31":{"loc":{"start":{"line":265,"column":4},"end":{"line":267,"column":5}},"type":"if","locations":[{"start":{"line":265,"column":4},"end":{"line":267,"column":5}},{"start":{},"end":{}}]},"32":{"loc":{"start":{"line":269,"column":4},"end":{"line":271,"column":5}},"type":"if","locations":[{"start":{"line":269,"column":4},"end":{"line":271,"column":5}},{"start":{},"end":{}}]}},"s":{"0":3,"1":3,"2":3,"3":3,"4":3,"5":3,"6":3,"7":3,"8":1,"9":1,"10":1,"11":0,"12":1,"13":0,"14":1,"15":1,"16":0,"17":1,"18":0,"19":1,"20":1,"21":1,"22":0,"23":0,"24":0,"25":0,"26":0,"27":0,"28":3,"29":2,"30":2,"31":2,"32":2,"33":0,"34":0,"35":0,"36":0,"37":0,"38":0,"39":0,"40":0,"41":3,"42":2,"43":2,"44":2,"45":2,"46":0,"47":0,"48":0,"49":0,"50":0,"51":0,"52":0,"53":0,"54":3,"55":0,"56":0,"57":0,"58":0,"59":0,"60":0,"61":0,"62":0,"63":0,"64":0,"65":0,"66":0,"67":0,"68":0,"69":0,"70":0,"71":0,"72":0,"73":0,"74":0,"75":0,"76":0,"77":0,"78":0,"79":0,"80":3,"81":0,"82":0,"83":0,"84":0,"85":0,"86":0,"87":0,"88":0,"89":0,"90":0,"91":3,"92":0,"93":0,"94":0,"95":0,"96":0,"97":3,"98":0,"99":0,"100":0,"101":0,"102":0,"103":0,"104":0,"105":0,"106":0,"107":0,"108":3,"109":0,"110":0,"111":0,"112":0,"113":0,"114":0,"115":0,"116":0,"117":0,"118":0,"119":0,"120":0,"121":0,"122":0,"123":0,"124":0,"125":0,"126":0,"127":0,"128":0,"129":3},"f":{"0":1,"1":2,"2":2,"3":0,"4":0,"5":0,"6":0,"7":0},"b":{"0":[0,1],"1":[1,1,1,1,1],"2":[0,1],"3":[0,1],"4":[0,1],"5":[0,0],"6":[0,0],"7":[0,0],"8":[0,0],"9":[0,0],"10":[0,0],"11":[0,0],"12":[0,0],"13":[0,0],"14":[0,0],"15":[0,0],"16":[0,0],"17":[0,0],"18":[0,0],"19":[0,0],"20":[0,0],"21":[0,0],"22":[0,0],"23":[0,0],"24":[0,0],"25":[0,0],"26":[0,0],"27":[0,0],"28":[0,0],"29":[0,0],"30":[0,0],"31":[0,0],"32":[0,0]}}
,"C:\\bolastudents\\backend\\src\\routes\\auth.ts": {"path":"C:\\bolastudents\\backend\\src\\routes\\auth.ts","statementMap":{"0":{"start":{"line":1,"column":0},"end":{"line":1,"column":52}},"1":{"start":{"line":2,"column":0},"end":{"line":2,"column":54}},"2":{"start":{"line":3,"column":0},"end":{"line":3,"column":77}},"3":{"start":{"line":5,"column":15},"end":{"line":5,"column":23}},"4":{"start":{"line":6,"column":20},"end":{"line":6,"column":37}},"5":{"start":{"line":9,"column":0},"end":{"line":30,"column":3}},"6":{"start":{"line":10,"column":2},"end":{"line":29,"column":3}},"7":{"start":{"line":11,"column":53},"end":{"line":11,"column":61}},"8":{"start":{"line":14,"column":4},"end":{"line":16,"column":5}},"9":{"start":{"line":15,"column":6},"end":{"line":15,"column":83}},"10":{"start":{"line":18,"column":19},"end":{"line":23,"column":6}},"11":{"start":{"line":25,"column":4},"end":{"line":25,"column":33}},"12":{"start":{"line":27,"column":4},"end":{"line":27,"column":43}},"13":{"start":{"line":28,"column":4},"end":{"line":28,"column":51}},"14":{"start":{"line":33,"column":0},"end":{"line":59,"column":3}},"15":{"start":{"line":34,"column":2},"end":{"line":58,"column":3}},"16":{"start":{"line":35,"column":32},"end":{"line":35,"column":40}},"17":{"start":{"line":38,"column":4},"end":{"line":40,"column":5}},"18":{"start":{"line":39,"column":6},"end":{"line":39,"column":80}},"19":{"start":{"line":42,"column":19},"end":{"line":42,"column":63}},"20":{"start":{"line":44,"column":4},"end":{"line":44,"column":21}},"21":{"start":{"line":46,"column":4},"end":{"line":46,"column":41}},"22":{"start":{"line":49,"column":4},"end":{"line":51,"column":5}},"23":{"start":{"line":50,"column":6},"end":{"line":50,"column":60}},"24":{"start":{"line":53,"column":4},"end":{"line":55,"column":5}},"25":{"start":{"line":54,"column":6},"end":{"line":54,"column":60}},"26":{"start":{"line":57,"column":4},"end":{"line":57,"column":51}},"27":{"start":{"line":62,"column":0},"end":{"line":77,"column":3}},"28":{"start":{"line":63,"column":2},"end":{"line":76,"column":3}},"29":{"start":{"line":64,"column":22},"end":{"line":64,"column":30}},"30":{"start":{"line":66,"column":4},"end":{"line":68,"column":5}},"31":{"start":{"line":67,"column":6},"end":{"line":67,"column":79}},"32":{"start":{"line":70,"column":19},"end":{"line":70,"column":55}},"33":{"start":{"line":72,"column":4},"end":{"line":72,"column":21}},"34":{"start":{"line":74,"column":4},"end":{"line":74,"column":54}},"35":{"start":{"line":75,"column":4},"end":{"line":75,"column":51}},"36":{"start":{"line":80,"column":0},"end":{"line":84,"column":3}},"37":{"start":{"line":83,"column":2},"end":{"line":83,"column":51}},"38":{"start":{"line":87,"column":0},"end":{"line":99,"column":3}},"39":{"start":{"line":88,"column":2},"end":{"line":98,"column":3}},"40":{"start":{"line":89,"column":4},"end":{"line":91,"column":5}},"41":{"start":{"line":90,"column":6},"end":{"line":90,"column":72}},"42":{"start":{"line":93,"column":17},"end":{"line":93,"column":66}},"43":{"start":{"line":94,"column":4},"end":{"line":94,"column":23}},"44":{"start":{"line":96,"column":4},"end":{"line":96,"column":47}},"45":{"start":{"line":97,"column":4},"end":{"line":97,"column":51}},"46":{"start":{"line":102,"column":0},"end":{"line":121,"column":3}},"47":{"start":{"line":103,"column":2},"end":{"line":120,"column":3}},"48":{"start":{"line":104,"column":4},"end":{"line":106,"column":5}},"49":{"start":{"line":105,"column":6},"end":{"line":105,"column":72}},"50":{"start":{"line":109,"column":30},"end":{"line":109,"column":58}},"51":{"start":{"line":110,"column":21},"end":{"line":114,"column":6}},"52":{"start":{"line":116,"column":4},"end":{"line":116,"column":34}},"53":{"start":{"line":118,"column":4},"end":{"line":118,"column":49}},"54":{"start":{"line":119,"column":4},"end":{"line":119,"column":51}},"55":{"start":{"line":124,"column":0},"end":{"line":147,"column":3}},"56":{"start":{"line":125,"column":2},"end":{"line":146,"column":3}},"57":{"start":{"line":126,"column":22},"end":{"line":126,"column":30}},"58":{"start":{"line":128,"column":4},"end":{"line":130,"column":5}},"59":{"start":{"line":129,"column":6},"end":{"line":129,"column":66}},"60":{"start":{"line":132,"column":19},"end":{"line":132,"column":67}},"61":{"start":{"line":133,"column":4},"end":{"line":133,"column":21}},"62":{"start":{"line":135,"column":4},"end":{"line":135,"column":55}},"63":{"start":{"line":137,"column":4},"end":{"line":139,"column":5}},"64":{"start":{"line":138,"column":6},"end":{"line":138,"column":60}},"65":{"start":{"line":141,"column":4},"end":{"line":143,"column":5}},"66":{"start":{"line":142,"column":6},"end":{"line":142,"column":60}},"67":{"start":{"line":145,"column":4},"end":{"line":145,"column":51}},"68":{"start":{"line":150,"column":0},"end":{"line":187,"column":3}},"69":{"start":{"line":151,"column":2},"end":{"line":186,"column":3}},"70":{"start":{"line":153,"column":4},"end":{"line":155,"column":5}},"71":{"start":{"line":154,"column":6},"end":{"line":154,"column":58}},"72":{"start":{"line":157,"column":22},"end":{"line":157,"column":30}},"73":{"start":{"line":159,"column":4},"end":{"line":161,"column":5}},"74":{"start":{"line":160,"column":6},"end":{"line":160,"column":66}},"75":{"start":{"line":164,"column":23},"end":{"line":164,"column":54}},"76":{"start":{"line":165,"column":17},"end":{"line":167,"column":6}},"77":{"start":{"line":169,"column":4},"end":{"line":171,"column":5}},"78":{"start":{"line":170,"column":6},"end":{"line":170,"column":63}},"79":{"start":{"line":173,"column":4},"end":{"line":180,"column":7}},"80":{"start":{"line":182,"column":4},"end":{"line":182,"column":69}},"81":{"start":{"line":184,"column":4},"end":{"line":184,"column":47}},"82":{"start":{"line":185,"column":4},"end":{"line":185,"column":51}},"83":{"start":{"line":190,"column":0},"end":{"line":227,"column":3}},"84":{"start":{"line":191,"column":2},"end":{"line":226,"column":3}},"85":{"start":{"line":193,"column":4},"end":{"line":195,"column":5}},"86":{"start":{"line":194,"column":6},"end":{"line":194,"column":58}},"87":{"start":{"line":197,"column":28},"end":{"line":197,"column":36}},"88":{"start":{"line":199,"column":4},"end":{"line":201,"column":5}},"89":{"start":{"line":200,"column":6},"end":{"line":200,"column":76}},"90":{"start":{"line":203,"column":4},"end":{"line":205,"column":5}},"91":{"start":{"line":204,"column":6},"end":{"line":204,"column":61}},"92":{"start":{"line":208,"column":23},"end":{"line":208,"column":54}},"93":{"start":{"line":209,"column":17},"end":{"line":211,"column":6}},"94":{"start":{"line":213,"column":4},"end":{"line":215,"column":5}},"95":{"start":{"line":214,"column":6},"end":{"line":214,"column":63}},"96":{"start":{"line":217,"column":4},"end":{"line":220,"column":7}},"97":{"start":{"line":222,"column":4},"end":{"line":222,"column":79}},"98":{"start":{"line":224,"column":4},"end":{"line":224,"column":49}},"99":{"start":{"line":225,"column":4},"end":{"line":225,"column":51}},"100":{"start":{"line":229,"column":0},"end":{"line":229,"column":22}}},"fnMap":{"0":{"name":"(anonymous_9)","decl":{"start":{"line":9,"column":23},"end":{"line":9,"column":28}},"loc":{"start":{"line":9,"column":61},"end":{"line":30,"column":1}}},"1":{"name":"(anonymous_10)","decl":{"start":{"line":33,"column":22},"end":{"line":33,"column":27}},"loc":{"start":{"line":33,"column":60},"end":{"line":59,"column":1}}},"2":{"name":"(anonymous_11)","decl":{"start":{"line":62,"column":29},"end":{"line":62,"column":34}},"loc":{"start":{"line":62,"column":67},"end":{"line":77,"column":1}}},"3":{"name":"(anonymous_12)","decl":{"start":{"line":80,"column":42},"end":{"line":80,"column":43}},"loc":{"start":{"line":80,"column":87},"end":{"line":84,"column":1}}},"4":{"name":"(anonymous_13)","decl":{"start":{"line":87,"column":42},"end":{"line":87,"column":47}},"loc":{"start":{"line":87,"column":93},"end":{"line":99,"column":1}}},"5":{"name":"(anonymous_14)","decl":{"start":{"line":102,"column":49},"end":{"line":102,"column":54}},"loc":{"start":{"line":102,"column":100},"end":{"line":121,"column":1}}},"6":{"name":"(anonymous_15)","decl":{"start":{"line":109,"column":30},"end":{"line":109,"column":43}},"loc":{"start":{"line":109,"column":30},"end":{"line":109,"column":58}}},"7":{"name":"(anonymous_16)","decl":{"start":{"line":124,"column":36},"end":{"line":124,"column":41}},"loc":{"start":{"line":124,"column":74},"end":{"line":147,"column":1}}},"8":{"name":"(anonymous_17)","decl":{"start":{"line":150,"column":28},"end":{"line":150,"column":33}},"loc":{"start":{"line":150,"column":66},"end":{"line":187,"column":1}}},"9":{"name":"(anonymous_18)","decl":{"start":{"line":164,"column":23},"end":{"line":164,"column":36}},"loc":{"start":{"line":164,"column":23},"end":{"line":164,"column":54}}},"10":{"name":"(anonymous_19)","decl":{"start":{"line":190,"column":30},"end":{"line":190,"column":35}},"loc":{"start":{"line":190,"column":68},"end":{"line":227,"column":1}}},"11":{"name":"(anonymous_20)","decl":{"start":{"line":208,"column":23},"end":{"line":208,"column":36}},"loc":{"start":{"line":208,"column":23},"end":{"line":208,"column":54}}}},"branchMap":{"0":{"loc":{"start":{"line":14,"column":4},"end":{"line":16,"column":5}},"type":"if","locations":[{"start":{"line":14,"column":4},"end":{"line":16,"column":5}},{"start":{},"end":{}}]},"1":{"loc":{"start":{"line":14,"column":8},"end":{"line":14,"column":27}},"type":"binary-expr","locations":[{"start":{"line":14,"column":8},"end":{"line":14,"column":14}},{"start":{"line":14,"column":18},"end":{"line":14,"column":27}}]},"2":{"loc":{"start":{"line":38,"column":4},"end":{"line":40,"column":5}},"type":"if","locations":[{"start":{"line":38,"column":4},"end":{"line":40,"column":5}},{"start":{},"end":{}}]},"3":{"loc":{"start":{"line":38,"column":8},"end":{"line":38,"column":27}},"type":"binary-expr","locations":[{"start":{"line":38,"column":8},"end":{"line":38,"column":14}},{"start":{"line":38,"column":18},"end":{"line":38,"column":27}}]},"4":{"loc":{"start":{"line":49,"column":4},"end":{"line":51,"column":5}},"type":"if","locations":[{"start":{"line":49,"column":4},"end":{"line":51,"column":5}},{"start":{},"end":{}}]},"5":{"loc":{"start":{"line":53,"column":4},"end":{"line":55,"column":5}},"type":"if","locations":[{"start":{"line":53,"column":4},"end":{"line":55,"column":5}},{"start":{},"end":{}}]},"6":{"loc":{"start":{"line":66,"column":4},"end":{"line":68,"column":5}},"type":"if","locations":[{"start":{"line":66,"column":4},"end":{"line":68,"column":5}},{"start":{},"end":{}}]},"7":{"loc":{"start":{"line":89,"column":4},"end":{"line":91,"column":5}},"type":"if","locations":[{"start":{"line":89,"column":4},"end":{"line":91,"column":5}},{"start":{},"end":{}}]},"8":{"loc":{"start":{"line":104,"column":4},"end":{"line":106,"column":5}},"type":"if","locations":[{"start":{"line":104,"column":4},"end":{"line":106,"column":5}},{"start":{},"end":{}}]},"9":{"loc":{"start":{"line":128,"column":4},"end":{"line":130,"column":5}},"type":"if","locations":[{"start":{"line":128,"column":4},"end":{"line":130,"column":5}},{"start":{},"end":{}}]},"10":{"loc":{"start":{"line":137,"column":4},"end":{"line":139,"column":5}},"type":"if","locations":[{"start":{"line":137,"column":4},"end":{"line":139,"column":5}},{"start":{},"end":{}}]},"11":{"loc":{"start":{"line":141,"column":4},"end":{"line":143,"column":5}},"type":"if","locations":[{"start":{"line":141,"column":4},"end":{"line":143,"column":5}},{"start":{},"end":{}}]},"12":{"loc":{"start":{"line":153,"column":4},"end":{"line":155,"column":5}},"type":"if","locations":[{"start":{"line":153,"column":4},"end":{"line":155,"column":5}},{"start":{},"end":{}}]},"13":{"loc":{"start":{"line":159,"column":4},"end":{"line":161,"column":5}},"type":"if","locations":[{"start":{"line":159,"column":4},"end":{"line":161,"column":5}},{"start":{},"end":{}}]},"14":{"loc":{"start":{"line":169,"column":4},"end":{"line":171,"column":5}},"type":"if","locations":[{"start":{"line":169,"column":4},"end":{"line":171,"column":5}},{"start":{},"end":{}}]},"15":{"loc":{"start":{"line":193,"column":4},"end":{"line":195,"column":5}},"type":"if","locations":[{"start":{"line":193,"column":4},"end":{"line":195,"column":5}},{"start":{},"end":{}}]},"16":{"loc":{"start":{"line":199,"column":4},"end":{"line":201,"column":5}},"type":"if","locations":[{"start":{"line":199,"column":4},"end":{"line":201,"column":5}},{"start":{},"end":{}}]},"17":{"loc":{"start":{"line":199,"column":8},"end":{"line":199,"column":23}},"type":"binary-expr","locations":[{"start":{"line":199,"column":8},"end":{"line":199,"column":14}},{"start":{"line":199,"column":18},"end":{"line":199,"column":23}}]},"18":{"loc":{"start":{"line":203,"column":4},"end":{"line":205,"column":5}},"type":"if","locations":[{"start":{"line":203,"column":4},"end":{"line":205,"column":5}},{"start":{},"end":{}}]},"19":{"loc":{"start":{"line":213,"column":4},"end":{"line":215,"column":5}},"type":"if","locations":[{"start":{"line":213,"column":4},"end":{"line":215,"column":5}},{"start":{},"end":{}}]}},"s":{"0":3,"1":3,"2":3,"3":3,"4":3,"5":3,"6":0,"7":0,"8":0,"9":0,"10":0,"11":0,"12":0,"13":0,"14":3,"15":0,"16":0,"17":0,"18":0,"19":0,"20":0,"21":0,"22":0,"23":0,"24":0,"25":0,"26":0,"27":3,"28":0,"29":0,"30":0,"31":0,"32":0,"33":0,"34":0,"35":0,"36":3,"37":0,"38":3,"39":0,"40":0,"41":0,"42":0,"43":0,"44":0,"45":0,"46":3,"47":0,"48":0,"49":0,"50":0,"51":0,"52":0,"53":0,"54":0,"55":3,"56":0,"57":0,"58":0,"59":0,"60":0,"61":0,"62":0,"63":0,"64":0,"65":0,"66":0,"67":0,"68":3,"69":0,"70":0,"71":0,"72":0,"73":0,"74":0,"75":0,"76":0,"77":0,"78":0,"79":0,"80":0,"81":0,"82":0,"83":3,"84":0,"85":0,"86":0,"87":0,"88":0,"89":0,"90":0,"91":0,"92":0,"93":0,"94":0,"95":0,"96":0,"97":0,"98":0,"99":0,"100":3},"f":{"0":0,"1":0,"2":0,"3":0,"4":0,"5":0,"6":0,"7":0,"8":0,"9":0,"10":0,"11":0},"b":{"0":[0,0],"1":[0,0],"2":[0,0],"3":[0,0],"4":[0,0],"5":[0,0],"6":[0,0],"7":[0,0],"8":[0,0],"9":[0,0],"10":[0,0],"11":[0,0],"12":[0,0],"13":[0,0],"14":[0,0],"15":[0,0],"16":[0,0],"17":[0,0],"18":[0,0],"19":[0,0]}}
,"C:\\bolastudents\\backend\\src\\routes\\contact.ts": {"path":"C:\\bolastudents\\backend\\src\\routes\\contact.ts","statementMap":{"0":{"start":{"line":1,"column":0},"end":{"line":1,"column":52}},"1":{"start":{"line":2,"column":0},"end":{"line":2,"column":59}},"2":{"start":{"line":3,"column":0},"end":{"line":3,"column":56}},"3":{"start":{"line":5,"column":15},"end":{"line":5,"column":23}},"4":{"start":{"line":6,"column":21},"end":{"line":6,"column":39}},"5":{"start":{"line":9,"column":0},"end":{"line":105,"column":3}},"6":{"start":{"line":27,"column":2},"end":{"line":104,"column":3}},"7":{"start":{"line":28,"column":19},"end":{"line":28,"column":40}},"8":{"start":{"line":29,"column":4},"end":{"line":35,"column":5}},"9":{"start":{"line":30,"column":6},"end":{"line":34,"column":9}},"10":{"start":{"line":37,"column":46},"end":{"line":37,"column":54}},"11":{"start":{"line":40,"column":24},"end":{"line":40,"column":78}},"12":{"start":{"line":42,"column":29},"end":{"line":48,"column":6}},"13":{"start":{"line":50,"column":29},"end":{"line":62,"column":12}},"14":{"start":{"line":64,"column":4},"end":{"line":69,"column":7}},"15":{"start":{"line":72,"column":34},"end":{"line":72,"column":73}},"16":{"start":{"line":73,"column":34},"end":{"line":84,"column":12}},"17":{"start":{"line":86,"column":4},"end":{"line":91,"column":7}},"18":{"start":{"line":93,"column":4},"end":{"line":96,"column":7}},"19":{"start":{"line":99,"column":4},"end":{"line":99,"column":59}},"20":{"start":{"line":100,"column":4},"end":{"line":103,"column":7}},"21":{"start":{"line":108,"column":0},"end":{"line":221,"column":3}},"22":{"start":{"line":136,"column":2},"end":{"line":220,"column":3}},"23":{"start":{"line":137,"column":19},"end":{"line":137,"column":40}},"24":{"start":{"line":138,"column":4},"end":{"line":144,"column":5}},"25":{"start":{"line":139,"column":6},"end":{"line":143,"column":9}},"26":{"start":{"line":146,"column":81},"end":{"line":146,"column":89}},"27":{"start":{"line":149,"column":24},"end":{"line":149,"column":79}},"28":{"start":{"line":151,"column":29},"end":{"line":160,"column":6}},"29":{"start":{"line":162,"column":29},"end":{"line":177,"column":12}},"30":{"start":{"line":179,"column":4},"end":{"line":184,"column":7}},"31":{"start":{"line":187,"column":35},"end":{"line":187,"column":94}},"32":{"start":{"line":188,"column":35},"end":{"line":200,"column":12}},"33":{"start":{"line":202,"column":4},"end":{"line":207,"column":7}},"34":{"start":{"line":209,"column":4},"end":{"line":212,"column":7}},"35":{"start":{"line":215,"column":4},"end":{"line":215,"column":62}},"36":{"start":{"line":216,"column":4},"end":{"line":219,"column":7}},"37":{"start":{"line":225,"column":40},"end":{"line":232,"column":4}},"38":{"start":{"line":233,"column":2},"end":{"line":233,"column":29}},"39":{"start":{"line":237,"column":42},"end":{"line":243,"column":4}},"40":{"start":{"line":244,"column":2},"end":{"line":244,"column":35}},"41":{"start":{"line":248,"column":44},"end":{"line":254,"column":4}},"42":{"start":{"line":255,"column":2},"end":{"line":255,"column":41}},"43":{"start":{"line":266,"column":2},"end":{"line":353,"column":11}},"44":{"start":{"line":357,"column":2},"end":{"line":463,"column":11}},"45":{"start":{"line":476,"column":2},"end":{"line":593,"column":11}},"46":{"start":{"line":597,"column":2},"end":{"line":702,"column":11}},"47":{"start":{"line":705,"column":0},"end":{"line":705,"column":22}}},"fnMap":{"0":{"name":"(anonymous_0)","decl":{"start":{"line":26,"column":3},"end":{"line":26,"column":8}},"loc":{"start":{"line":26,"column":41},"end":{"line":105,"column":1}}},"1":{"name":"(anonymous_1)","decl":{"start":{"line":135,"column":3},"end":{"line":135,"column":8}},"loc":{"start":{"line":135,"column":41},"end":{"line":221,"column":1}}},"2":{"name":"formatProjectType","decl":{"start":{"line":224,"column":9},"end":{"line":224,"column":26}},"loc":{"start":{"line":224,"column":39},"end":{"line":234,"column":1}}},"3":{"name":"formatBudget","decl":{"start":{"line":236,"column":9},"end":{"line":236,"column":21}},"loc":{"start":{"line":236,"column":36},"end":{"line":245,"column":1}}},"4":{"name":"formatTimeline","decl":{"start":{"line":247,"column":9},"end":{"line":247,"column":23}},"loc":{"start":{"line":247,"column":40},"end":{"line":256,"column":1}}},"5":{"name":"generateContactEmailTemplate","decl":{"start":{"line":259,"column":9},"end":{"line":259,"column":37}},"loc":{"start":{"line":265,"column":1},"end":{"line":354,"column":1}}},"6":{"name":"generateConfirmationEmailTemplate","decl":{"start":{"line":356,"column":9},"end":{"line":356,"column":42}},"loc":{"start":{"line":356,"column":55},"end":{"line":464,"column":1}}},"7":{"name":"generateProjectInquiryEmailTemplate","decl":{"start":{"line":466,"column":9},"end":{"line":466,"column":44}},"loc":{"start":{"line":475,"column":1},"end":{"line":594,"column":1}}},"8":{"name":"generateProjectConfirmationEmailTemplate","decl":{"start":{"line":596,"column":9},"end":{"line":596,"column":49}},"loc":{"start":{"line":596,"column":83},"end":{"line":703,"column":1}}}},"branchMap":{"0":{"loc":{"start":{"line":29,"column":4},"end":{"line":35,"column":5}},"type":"if","locations":[{"start":{"line":29,"column":4},"end":{"line":35,"column":5}},{"start":{},"end":{}}]},"1":{"loc":{"start":{"line":40,"column":24},"end":{"line":40,"column":78}},"type":"binary-expr","locations":[{"start":{"line":40,"column":24},"end":{"line":40,"column":48}},{"start":{"line":40,"column":52},"end":{"line":40,"column":78}}]},"2":{"loc":{"start":{"line":138,"column":4},"end":{"line":144,"column":5}},"type":"if","locations":[{"start":{"line":138,"column":4},"end":{"line":144,"column":5}},{"start":{},"end":{}}]},"3":{"loc":{"start":{"line":149,"column":24},"end":{"line":149,"column":79}},"type":"binary-expr","locations":[{"start":{"line":149,"column":24},"end":{"line":149,"column":48}},{"start":{"line":149,"column":52},"end":{"line":149,"column":79}}]},"4":{"loc":{"start":{"line":166,"column":11},"end":{"line":166,"column":37}},"type":"binary-expr","locations":[{"start":{"line":166,"column":11},"end":{"line":166,"column":18}},{"start":{"line":166,"column":22},"end":{"line":166,"column":37}}]},"5":{"loc":{"start":{"line":233,"column":9},"end":{"line":233,"column":28}},"type":"binary-expr","locations":[{"start":{"line":233,"column":9},"end":{"line":233,"column":20}},{"start":{"line":233,"column":24},"end":{"line":233,"column":28}}]},"6":{"loc":{"start":{"line":244,"column":9},"end":{"line":244,"column":34}},"type":"binary-expr","locations":[{"start":{"line":244,"column":9},"end":{"line":244,"column":24}},{"start":{"line":244,"column":28},"end":{"line":244,"column":34}}]},"7":{"loc":{"start":{"line":255,"column":9},"end":{"line":255,"column":40}},"type":"binary-expr","locations":[{"start":{"line":255,"column":9},"end":{"line":255,"column":28}},{"start":{"line":255,"column":32},"end":{"line":255,"column":40}}]},"8":{"loc":{"start":{"line":556,"column":14},"end":{"line":561,"column":18}},"type":"cond-expr","locations":[{"start":{"line":556,"column":29},"end":{"line":561,"column":14}},{"start":{"line":561,"column":16},"end":{"line":561,"column":18}}]}},"s":{"0":3,"1":3,"2":3,"3":3,"4":3,"5":3,"6":0,"7":0,"8":0,"9":0,"10":0,"11":0,"12":0,"13":0,"14":0,"15":0,"16":0,"17":0,"18":0,"19":0,"20":0,"21":3,"22":0,"23":0,"24":0,"25":0,"26":0,"27":0,"28":0,"29":0,"30":0,"31":0,"32":0,"33":0,"34":0,"35":0,"36":0,"37":0,"38":0,"39":0,"40":0,"41":0,"42":0,"43":0,"44":0,"45":0,"46":0,"47":3},"f":{"0":0,"1":0,"2":0,"3":0,"4":0,"5":0,"6":0,"7":0,"8":0},"b":{"0":[0,0],"1":[0,0],"2":[0,0],"3":[0,0],"4":[0,0],"5":[0,0],"6":[0,0],"7":[0,0],"8":[0,0]}}
,"C:\\bolastudents\\backend\\src\\routes\\courses.ts": {"path":"C:\\bolastudents\\backend\\src\\routes\\courses.ts","statementMap":{"0":{"start":{"line":1,"column":0},"end":{"line":1,"column":52}},"1":{"start":{"line":2,"column":0},"end":{"line":2,"column":58}},"2":{"start":{"line":3,"column":0},"end":{"line":3,"column":90}},"3":{"start":{"line":5,"column":15},"end":{"line":5,"column":23}},"4":{"start":{"line":6,"column":22},"end":{"line":6,"column":41}},"5":{"start":{"line":9,"column":0},"end":{"line":17,"column":3}},"6":{"start":{"line":10,"column":2},"end":{"line":16,"column":3}},"7":{"start":{"line":11,"column":20},"end":{"line":11,"column":60}},"8":{"start":{"line":12,"column":4},"end":{"line":12,"column":26}},"9":{"start":{"line":14,"column":4},"end":{"line":14,"column":47}},"10":{"start":{"line":15,"column":4},"end":{"line":15,"column":51}},"11":{"start":{"line":20,"column":0},"end":{"line":34,"column":3}},"12":{"start":{"line":21,"column":2},"end":{"line":33,"column":3}},"13":{"start":{"line":22,"column":19},"end":{"line":22,"column":29}},"14":{"start":{"line":23,"column":19},"end":{"line":23,"column":63}},"15":{"start":{"line":24,"column":4},"end":{"line":24,"column":25}},"16":{"start":{"line":26,"column":4},"end":{"line":26,"column":46}},"17":{"start":{"line":28,"column":4},"end":{"line":30,"column":5}},"18":{"start":{"line":29,"column":6},"end":{"line":29,"column":60}},"19":{"start":{"line":32,"column":4},"end":{"line":32,"column":51}},"20":{"start":{"line":37,"column":0},"end":{"line":64,"column":3}},"21":{"start":{"line":38,"column":2},"end":{"line":63,"column":3}},"22":{"start":{"line":39,"column":105},"end":{"line":39,"column":113}},"23":{"start":{"line":42,"column":4},"end":{"line":44,"column":5}},"24":{"start":{"line":43,"column":6},"end":{"line":43,"column":106}},"25":{"start":{"line":46,"column":23},"end":{"line":56,"column":6}},"26":{"start":{"line":58,"column":19},"end":{"line":58,"column":63}},"27":{"start":{"line":59,"column":4},"end":{"line":59,"column":37}},"28":{"start":{"line":61,"column":4},"end":{"line":61,"column":49}},"29":{"start":{"line":62,"column":4},"end":{"line":62,"column":51}},"30":{"start":{"line":67,"column":0},"end":{"line":106,"column":3}},"31":{"start":{"line":68,"column":2},"end":{"line":105,"column":3}},"32":{"start":{"line":69,"column":19},"end":{"line":69,"column":29}},"33":{"start":{"line":70,"column":118},"end":{"line":70,"column":126}},"34":{"start":{"line":72,"column":23},"end":{"line":82,"column":6}},"35":{"start":{"line":85,"column":4},"end":{"line":89,"column":7}},"36":{"start":{"line":86,"column":6},"end":{"line":88,"column":7}},"37":{"start":{"line":87,"column":8},"end":{"line":87,"column":58}},"38":{"start":{"line":91,"column":19},"end":{"line":91,"column":85}},"39":{"start":{"line":92,"column":4},"end":{"line":92,"column":25}},"40":{"start":{"line":94,"column":4},"end":{"line":94,"column":49}},"41":{"start":{"line":96,"column":4},"end":{"line":98,"column":5}},"42":{"start":{"line":97,"column":6},"end":{"line":97,"column":60}},"43":{"start":{"line":100,"column":4},"end":{"line":102,"column":5}},"44":{"start":{"line":101,"column":6},"end":{"line":101,"column":60}},"45":{"start":{"line":104,"column":4},"end":{"line":104,"column":51}},"46":{"start":{"line":109,"column":0},"end":{"line":127,"column":3}},"47":{"start":{"line":110,"column":2},"end":{"line":126,"column":3}},"48":{"start":{"line":111,"column":19},"end":{"line":111,"column":29}},"49":{"start":{"line":112,"column":19},"end":{"line":112,"column":73}},"50":{"start":{"line":113,"column":4},"end":{"line":113,"column":21}},"51":{"start":{"line":115,"column":4},"end":{"line":115,"column":49}},"52":{"start":{"line":117,"column":4},"end":{"line":119,"column":5}},"53":{"start":{"line":118,"column":6},"end":{"line":118,"column":60}},"54":{"start":{"line":121,"column":4},"end":{"line":123,"column":5}},"55":{"start":{"line":122,"column":6},"end":{"line":122,"column":60}},"56":{"start":{"line":125,"column":4},"end":{"line":125,"column":51}},"57":{"start":{"line":130,"column":0},"end":{"line":138,"column":3}},"58":{"start":{"line":131,"column":2},"end":{"line":137,"column":3}},"59":{"start":{"line":132,"column":20},"end":{"line":132,"column":80}},"60":{"start":{"line":133,"column":4},"end":{"line":133,"column":26}},"61":{"start":{"line":135,"column":4},"end":{"line":135,"column":58}},"62":{"start":{"line":136,"column":4},"end":{"line":136,"column":51}},"63":{"start":{"line":141,"column":0},"end":{"line":163,"column":3}},"64":{"start":{"line":142,"column":2},"end":{"line":162,"column":3}},"65":{"start":{"line":143,"column":19},"end":{"line":143,"column":29}},"66":{"start":{"line":144,"column":23},"end":{"line":144,"column":78}},"67":{"start":{"line":145,"column":4},"end":{"line":145,"column":41}},"68":{"start":{"line":147,"column":4},"end":{"line":147,"column":52}},"69":{"start":{"line":149,"column":4},"end":{"line":151,"column":5}},"70":{"start":{"line":150,"column":6},"end":{"line":150,"column":60}},"71":{"start":{"line":153,"column":4},"end":{"line":155,"column":5}},"72":{"start":{"line":154,"column":6},"end":{"line":154,"column":60}},"73":{"start":{"line":157,"column":4},"end":{"line":159,"column":5}},"74":{"start":{"line":158,"column":6},"end":{"line":158,"column":60}},"75":{"start":{"line":161,"column":4},"end":{"line":161,"column":51}},"76":{"start":{"line":166,"column":0},"end":{"line":198,"column":3}},"77":{"start":{"line":167,"column":2},"end":{"line":197,"column":3}},"78":{"start":{"line":168,"column":19},"end":{"line":168,"column":29}},"79":{"start":{"line":169,"column":26},"end":{"line":169,"column":34}},"80":{"start":{"line":171,"column":4},"end":{"line":173,"column":5}},"81":{"start":{"line":172,"column":6},"end":{"line":172,"column":98}},"82":{"start":{"line":175,"column":23},"end":{"line":175,"column":112}},"83":{"start":{"line":176,"column":4},"end":{"line":176,"column":41}},"84":{"start":{"line":178,"column":4},"end":{"line":178,"column":57}},"85":{"start":{"line":180,"column":4},"end":{"line":182,"column":5}},"86":{"start":{"line":181,"column":6},"end":{"line":181,"column":60}},"87":{"start":{"line":184,"column":4},"end":{"line":186,"column":5}},"88":{"start":{"line":185,"column":6},"end":{"line":185,"column":60}},"89":{"start":{"line":188,"column":4},"end":{"line":194,"column":5}},"90":{"start":{"line":193,"column":6},"end":{"line":193,"column":60}},"91":{"start":{"line":196,"column":4},"end":{"line":196,"column":51}},"92":{"start":{"line":200,"column":0},"end":{"line":200,"column":22}}},"fnMap":{"0":{"name":"(anonymous_0)","decl":{"start":{"line":9,"column":16},"end":{"line":9,"column":21}},"loc":{"start":{"line":9,"column":54},"end":{"line":17,"column":1}}},"1":{"name":"(anonymous_1)","decl":{"start":{"line":20,"column":19},"end":{"line":20,"column":24}},"loc":{"start":{"line":20,"column":57},"end":{"line":34,"column":1}}},"2":{"name":"(anonymous_2)","decl":{"start":{"line":37,"column":74},"end":{"line":37,"column":79}},"loc":{"start":{"line":37,"column":125},"end":{"line":64,"column":1}}},"3":{"name":"(anonymous_3)","decl":{"start":{"line":67,"column":76},"end":{"line":67,"column":81}},"loc":{"start":{"line":67,"column":127},"end":{"line":106,"column":1}}},"4":{"name":"(anonymous_4)","decl":{"start":{"line":85,"column":36},"end":{"line":85,"column":39}},"loc":{"start":{"line":85,"column":42},"end":{"line":89,"column":5}}},"5":{"name":"(anonymous_5)","decl":{"start":{"line":109,"column":79},"end":{"line":109,"column":84}},"loc":{"start":{"line":109,"column":130},"end":{"line":127,"column":1}}},"6":{"name":"(anonymous_6)","decl":{"start":{"line":130,"column":94},"end":{"line":130,"column":99}},"loc":{"start":{"line":130,"column":145},"end":{"line":138,"column":1}}},"7":{"name":"(anonymous_7)","decl":{"start":{"line":141,"column":46},"end":{"line":141,"column":51}},"loc":{"start":{"line":141,"column":97},"end":{"line":163,"column":1}}},"8":{"name":"(anonymous_8)","decl":{"start":{"line":166,"column":51},"end":{"line":166,"column":56}},"loc":{"start":{"line":166,"column":102},"end":{"line":198,"column":1}}}},"branchMap":{"0":{"loc":{"start":{"line":28,"column":4},"end":{"line":30,"column":5}},"type":"if","locations":[{"start":{"line":28,"column":4},"end":{"line":30,"column":5}},{"start":{},"end":{}}]},"1":{"loc":{"start":{"line":42,"column":4},"end":{"line":44,"column":5}},"type":"if","locations":[{"start":{"line":42,"column":4},"end":{"line":44,"column":5}},{"start":{},"end":{}}]},"2":{"loc":{"start":{"line":42,"column":8},"end":{"line":42,"column":58}},"type":"binary-expr","locations":[{"start":{"line":42,"column":8},"end":{"line":42,"column":14}},{"start":{"line":42,"column":18},"end":{"line":42,"column":30}},{"start":{"line":42,"column":34},"end":{"line":42,"column":43}},{"start":{"line":42,"column":47},"end":{"line":42,"column":58}}]},"3":{"loc":{"start":{"line":51,"column":15},"end":{"line":51,"column":27}},"type":"binary-expr","locations":[{"start":{"line":51,"column":15},"end":{"line":51,"column":22}},{"start":{"line":51,"column":26},"end":{"line":51,"column":27}}]},"4":{"loc":{"start":{"line":52,"column":16},"end":{"line":52,"column":33}},"type":"binary-expr","locations":[{"start":{"line":52,"column":16},"end":{"line":52,"column":24}},{"start":{"line":52,"column":28},"end":{"line":52,"column":33}}]},"5":{"loc":{"start":{"line":86,"column":6},"end":{"line":88,"column":7}},"type":"if","locations":[{"start":{"line":86,"column":6},"end":{"line":88,"column":7}},{"start":{},"end":{}}]},"6":{"loc":{"start":{"line":96,"column":4},"end":{"line":98,"column":5}},"type":"if","locations":[{"start":{"line":96,"column":4},"end":{"line":98,"column":5}},{"start":{},"end":{}}]},"7":{"loc":{"start":{"line":100,"column":4},"end":{"line":102,"column":5}},"type":"if","locations":[{"start":{"line":100,"column":4},"end":{"line":102,"column":5}},{"start":{},"end":{}}]},"8":{"loc":{"start":{"line":117,"column":4},"end":{"line":119,"column":5}},"type":"if","locations":[{"start":{"line":117,"column":4},"end":{"line":119,"column":5}},{"start":{},"end":{}}]},"9":{"loc":{"start":{"line":121,"column":4},"end":{"line":123,"column":5}},"type":"if","locations":[{"start":{"line":121,"column":4},"end":{"line":123,"column":5}},{"start":{},"end":{}}]},"10":{"loc":{"start":{"line":149,"column":4},"end":{"line":151,"column":5}},"type":"if","locations":[{"start":{"line":149,"column":4},"end":{"line":151,"column":5}},{"start":{},"end":{}}]},"11":{"loc":{"start":{"line":149,"column":8},"end":{"line":149,"column":106}},"type":"binary-expr","locations":[{"start":{"line":149,"column":8},"end":{"line":149,"column":44}},{"start":{"line":149,"column":48},"end":{"line":149,"column":106}}]},"12":{"loc":{"start":{"line":153,"column":4},"end":{"line":155,"column":5}},"type":"if","locations":[{"start":{"line":153,"column":4},"end":{"line":155,"column":5}},{"start":{},"end":{}}]},"13":{"loc":{"start":{"line":157,"column":4},"end":{"line":159,"column":5}},"type":"if","locations":[{"start":{"line":157,"column":4},"end":{"line":159,"column":5}},{"start":{},"end":{}}]},"14":{"loc":{"start":{"line":171,"column":4},"end":{"line":173,"column":5}},"type":"if","locations":[{"start":{"line":171,"column":4},"end":{"line":173,"column":5}},{"start":{},"end":{}}]},"15":{"loc":{"start":{"line":180,"column":4},"end":{"line":182,"column":5}},"type":"if","locations":[{"start":{"line":180,"column":4},"end":{"line":182,"column":5}},{"start":{},"end":{}}]},"16":{"loc":{"start":{"line":180,"column":8},"end":{"line":180,"column":106}},"type":"binary-expr","locations":[{"start":{"line":180,"column":8},"end":{"line":180,"column":44}},{"start":{"line":180,"column":48},"end":{"line":180,"column":106}}]},"17":{"loc":{"start":{"line":184,"column":4},"end":{"line":186,"column":5}},"type":"if","locations":[{"start":{"line":184,"column":4},"end":{"line":186,"column":5}},{"start":{},"end":{}}]},"18":{"loc":{"start":{"line":188,"column":4},"end":{"line":194,"column":5}},"type":"if","locations":[{"start":{"line":188,"column":4},"end":{"line":194,"column":5}},{"start":{},"end":{}}]},"19":{"loc":{"start":{"line":188,"column":8},"end":{"line":192,"column":52}},"type":"binary-expr","locations":[{"start":{"line":188,"column":8},"end":{"line":188,"column":74}},{"start":{"line":189,"column":8},"end":{"line":189,"column":45}},{"start":{"line":190,"column":8},"end":{"line":190,"column":67}},{"start":{"line":191,"column":8},"end":{"line":191,"column":58}},{"start":{"line":192,"column":8},"end":{"line":192,"column":52}}]}},"s":{"0":3,"1":3,"2":3,"3":3,"4":3,"5":3,"6":0,"7":0,"8":0,"9":0,"10":0,"11":3,"12":0,"13":0,"14":0,"15":0,"16":0,"17":0,"18":0,"19":0,"20":3,"21":0,"22":0,"23":0,"24":0,"25":0,"26":0,"27":0,"28":0,"29":0,"30":3,"31":0,"32":0,"33":0,"34":0,"35":0,"36":0,"37":0,"38":0,"39":0,"40":0,"41":0,"42":0,"43":0,"44":0,"45":0,"46":3,"47":0,"48":0,"49":0,"50":0,"51":0,"52":0,"53":0,"54":0,"55":0,"56":0,"57":3,"58":0,"59":0,"60":0,"61":0,"62":0,"63":3,"64":0,"65":0,"66":0,"67":0,"68":0,"69":0,"70":0,"71":0,"72":0,"73":0,"74":0,"75":0,"76":3,"77":0,"78":0,"79":0,"80":0,"81":0,"82":0,"83":0,"84":0,"85":0,"86":0,"87":0,"88":0,"89":0,"90":0,"91":0,"92":3},"f":{"0":0,"1":0,"2":0,"3":0,"4":0,"5":0,"6":0,"7":0,"8":0},"b":{"0":[0,0],"1":[0,0],"2":[0,0,0,0],"3":[0,0],"4":[0,0],"5":[0,0],"6":[0,0],"7":[0,0],"8":[0,0],"9":[0,0],"10":[0,0],"11":[0,0],"12":[0,0],"13":[0,0],"14":[0,0],"15":[0,0],"16":[0,0],"17":[0,0],"18":[0,0],"19":[0,0,0,0,0]}}
,"C:\\bolastudents\\backend\\src\\routes\\feedback.ts": {"path":"C:\\bolastudents\\backend\\src\\routes\\feedback.ts","statementMap":{"0":{"start":{"line":1,"column":0},"end":{"line":1,"column":52}},"1":{"start":{"line":2,"column":0},"end":{"line":2,"column":62}},"2":{"start":{"line":3,"column":0},"end":{"line":3,"column":90}},"3":{"start":{"line":5,"column":15},"end":{"line":5,"column":23}},"4":{"start":{"line":6,"column":24},"end":{"line":6,"column":45}},"5":{"start":{"line":9,"column":0},"end":{"line":52,"column":3}},"6":{"start":{"line":10,"column":2},"end":{"line":51,"column":3}},"7":{"start":{"line":11,"column":46},"end":{"line":11,"column":54}},"8":{"start":{"line":14,"column":4},"end":{"line":18,"column":5}},"9":{"start":{"line":15,"column":6},"end":{"line":17,"column":9}},"10":{"start":{"line":21,"column":4},"end":{"line":25,"column":5}},"11":{"start":{"line":22,"column":6},"end":{"line":24,"column":9}},"12":{"start":{"line":27,"column":25},"end":{"line":31,"column":6}},"13":{"start":{"line":33,"column":21},"end":{"line":33,"column":89}},"14":{"start":{"line":34,"column":4},"end":{"line":34,"column":39}},"15":{"start":{"line":36,"column":4},"end":{"line":36,"column":51}},"16":{"start":{"line":38,"column":4},"end":{"line":40,"column":5}},"17":{"start":{"line":39,"column":6},"end":{"line":39,"column":60}},"18":{"start":{"line":42,"column":4},"end":{"line":44,"column":5}},"19":{"start":{"line":43,"column":6},"end":{"line":43,"column":60}},"20":{"start":{"line":46,"column":4},"end":{"line":48,"column":5}},"21":{"start":{"line":47,"column":6},"end":{"line":47,"column":60}},"22":{"start":{"line":50,"column":4},"end":{"line":50,"column":51}},"23":{"start":{"line":55,"column":0},"end":{"line":82,"column":3}},"24":{"start":{"line":56,"column":2},"end":{"line":81,"column":3}},"25":{"start":{"line":57,"column":19},"end":{"line":57,"column":29}},"26":{"start":{"line":58,"column":21},"end":{"line":61,"column":null}},"27":{"start":{"line":63,"column":4},"end":{"line":63,"column":27}},"28":{"start":{"line":65,"column":4},"end":{"line":65,"column":48}},"29":{"start":{"line":67,"column":4},"end":{"line":69,"column":5}},"30":{"start":{"line":68,"column":6},"end":{"line":68,"column":60}},"31":{"start":{"line":71,"column":4},"end":{"line":74,"column":5}},"32":{"start":{"line":73,"column":6},"end":{"line":73,"column":60}},"33":{"start":{"line":76,"column":4},"end":{"line":78,"column":5}},"34":{"start":{"line":77,"column":6},"end":{"line":77,"column":60}},"35":{"start":{"line":80,"column":4},"end":{"line":80,"column":51}},"36":{"start":{"line":85,"column":0},"end":{"line":112,"column":3}},"37":{"start":{"line":86,"column":2},"end":{"line":111,"column":3}},"38":{"start":{"line":87,"column":29},"end":{"line":87,"column":39}},"39":{"start":{"line":88,"column":21},"end":{"line":91,"column":null}},"40":{"start":{"line":93,"column":4},"end":{"line":93,"column":27}},"41":{"start":{"line":95,"column":4},"end":{"line":95,"column":59}},"42":{"start":{"line":97,"column":4},"end":{"line":99,"column":5}},"43":{"start":{"line":98,"column":6},"end":{"line":98,"column":60}},"44":{"start":{"line":101,"column":4},"end":{"line":104,"column":5}},"45":{"start":{"line":103,"column":6},"end":{"line":103,"column":60}},"46":{"start":{"line":106,"column":4},"end":{"line":108,"column":5}},"47":{"start":{"line":107,"column":6},"end":{"line":107,"column":60}},"48":{"start":{"line":110,"column":4},"end":{"line":110,"column":51}},"49":{"start":{"line":115,"column":0},"end":{"line":154,"column":3}},"50":{"start":{"line":116,"column":2},"end":{"line":153,"column":3}},"51":{"start":{"line":117,"column":19},"end":{"line":117,"column":29}},"52":{"start":{"line":118,"column":32},"end":{"line":118,"column":40}},"53":{"start":{"line":120,"column":28},"end":{"line":120,"column":30}},"54":{"start":{"line":122,"column":4},"end":{"line":122,"column":60}},"55":{"start":{"line":122,"column":31},"end":{"line":122,"column":60}},"56":{"start":{"line":123,"column":4},"end":{"line":130,"column":5}},"57":{"start":{"line":124,"column":6},"end":{"line":128,"column":7}},"58":{"start":{"line":125,"column":8},"end":{"line":127,"column":11}},"59":{"start":{"line":129,"column":6},"end":{"line":129,"column":33}},"60":{"start":{"line":133,"column":4},"end":{"line":137,"column":5}},"61":{"start":{"line":134,"column":6},"end":{"line":136,"column":9}},"62":{"start":{"line":139,"column":21},"end":{"line":139,"column":91}},"63":{"start":{"line":140,"column":4},"end":{"line":140,"column":27}},"64":{"start":{"line":142,"column":4},"end":{"line":142,"column":51}},"65":{"start":{"line":144,"column":4},"end":{"line":146,"column":5}},"66":{"start":{"line":145,"column":6},"end":{"line":145,"column":60}},"67":{"start":{"line":148,"column":4},"end":{"line":150,"column":5}},"68":{"start":{"line":149,"column":6},"end":{"line":149,"column":60}},"69":{"start":{"line":152,"column":4},"end":{"line":152,"column":51}},"70":{"start":{"line":157,"column":0},"end":{"line":165,"column":3}},"71":{"start":{"line":158,"column":2},"end":{"line":164,"column":3}},"72":{"start":{"line":159,"column":21},"end":{"line":159,"column":82}},"73":{"start":{"line":160,"column":4},"end":{"line":160,"column":27}},"74":{"start":{"line":162,"column":4},"end":{"line":162,"column":59}},"75":{"start":{"line":163,"column":4},"end":{"line":163,"column":51}},"76":{"start":{"line":168,"column":0},"end":{"line":186,"column":3}},"77":{"start":{"line":169,"column":2},"end":{"line":185,"column":3}},"78":{"start":{"line":170,"column":26},"end":{"line":170,"column":36}},"79":{"start":{"line":171,"column":21},"end":{"line":174,"column":null}},"80":{"start":{"line":176,"column":4},"end":{"line":176,"column":27}},"81":{"start":{"line":178,"column":4},"end":{"line":178,"column":56}},"82":{"start":{"line":180,"column":4},"end":{"line":182,"column":5}},"83":{"start":{"line":181,"column":6},"end":{"line":181,"column":60}},"84":{"start":{"line":184,"column":4},"end":{"line":184,"column":51}},"85":{"start":{"line":188,"column":0},"end":{"line":188,"column":22}}},"fnMap":{"0":{"name":"(anonymous_0)","decl":{"start":{"line":9,"column":74},"end":{"line":9,"column":79}},"loc":{"start":{"line":9,"column":125},"end":{"line":52,"column":1}}},"1":{"name":"(anonymous_1)","decl":{"start":{"line":55,"column":38},"end":{"line":55,"column":43}},"loc":{"start":{"line":55,"column":89},"end":{"line":82,"column":1}}},"2":{"name":"(anonymous_2)","decl":{"start":{"line":85,"column":59},"end":{"line":85,"column":64}},"loc":{"start":{"line":85,"column":110},"end":{"line":112,"column":1}}},"3":{"name":"(anonymous_3)","decl":{"start":{"line":115,"column":76},"end":{"line":115,"column":81}},"loc":{"start":{"line":115,"column":127},"end":{"line":154,"column":1}}},"4":{"name":"(anonymous_4)","decl":{"start":{"line":157,"column":95},"end":{"line":157,"column":100}},"loc":{"start":{"line":157,"column":146},"end":{"line":165,"column":1}}},"5":{"name":"(anonymous_5)","decl":{"start":{"line":168,"column":53},"end":{"line":168,"column":58}},"loc":{"start":{"line":168,"column":104},"end":{"line":186,"column":1}}}},"branchMap":{"0":{"loc":{"start":{"line":14,"column":4},"end":{"line":18,"column":5}},"type":"if","locations":[{"start":{"line":14,"column":4},"end":{"line":18,"column":5}},{"start":{},"end":{}}]},"1":{"loc":{"start":{"line":14,"column":8},"end":{"line":14,"column":33}},"type":"binary-expr","locations":[{"start":{"line":14,"column":8},"end":{"line":14,"column":21}},{"start":{"line":14,"column":25},"end":{"line":14,"column":33}}]},"2":{"loc":{"start":{"line":21,"column":4},"end":{"line":25,"column":5}},"type":"if","locations":[{"start":{"line":21,"column":4},"end":{"line":25,"column":5}},{"start":{},"end":{}}]},"3":{"loc":{"start":{"line":21,"column":8},"end":{"line":21,"column":88}},"type":"binary-expr","locations":[{"start":{"line":21,"column":8},"end":{"line":21,"column":28}},{"start":{"line":21,"column":33},"end":{"line":21,"column":59}},{"start":{"line":21,"column":63},"end":{"line":21,"column":73}},{"start":{"line":21,"column":77},"end":{"line":21,"column":87}}]},"4":{"loc":{"start":{"line":38,"column":4},"end":{"line":40,"column":5}},"type":"if","locations":[{"start":{"line":38,"column":4},"end":{"line":40,"column":5}},{"start":{},"end":{}}]},"5":{"loc":{"start":{"line":42,"column":4},"end":{"line":44,"column":5}},"type":"if","locations":[{"start":{"line":42,"column":4},"end":{"line":44,"column":5}},{"start":{},"end":{}}]},"6":{"loc":{"
[...]
nd":{"line":77,"column":7}},"loc":{"start":{"line":77,"column":57},"end":{"line":99,"column":3}}},"4":{"name":"(anonymous_4)","decl":{"start":{"line":101,"column":2},"end":{"line":101,"column":7}},"loc":{"start":{"line":101,"column":32},"end":{"line":116,"column":3}}},"5":{"name":"(anonymous_5)","decl":{"start":{"line":118,"column":2},"end":{"line":118,"column":7}},"loc":{"start":{"line":118,"column":28},"end":{"line":123,"column":3}}}},"branchMap":{"0":{"loc":{"start":{"line":32,"column":23},"end":{"line":32,"column":58}},"type":"default-arg","locations":[{"start":{"line":32,"column":53},"end":{"line":32,"column":58}}]},"1":{"loc":{"start":{"line":33,"column":18},"end":{"line":33,"column":65}},"type":"cond-expr","locations":[{"start":{"line":33,"column":39},"end":{"line":33,"column":41}},{"start":{"line":33,"column":44},"end":{"line":33,"column":65}}]},"2":{"loc":{"start":{"line":41,"column":35},"end":{"line":41,"column":70}},"type":"default-arg","locations":[{"start":{"line":41,"column":65},"end":{"line":41,"column":70}}]},"3":{"loc":{"start":{"line":42,"column":18},"end":{"line":44,"column":33}},"type":"cond-expr","locations":[{"start":{"line":43,"column":8},"end":{"line":43,"column":14}},{"start":{"line":44,"column":8},"end":{"line":44,"column":33}}]},"4":{"loc":{"start":{"line":50,"column":4},"end":{"line":52,"column":5}},"type":"if","locations":[{"start":{"line":50,"column":4},"end":{"line":52,"column":5}},{"start":{},"end":{}}]},"5":{"loc":{"start":{"line":72,"column":21},"end":{"line":72,"column":46}},"type":"binary-expr","locations":[{"start":{"line":72,"column":21},"end":{"line":72,"column":37}},{"start":{"line":72,"column":41},"end":{"line":72,"column":46}}]},"6":{"loc":{"start":{"line":83,"column":4},"end":{"line":85,"column":5}},"type":"if","locations":[{"start":{"line":83,"column":4},"end":{"line":85,"column":5}},{"start":{},"end":{}}]},"7":{"loc":{"start":{"line":91,"column":4},"end":{"line":93,"column":5}},"type":"if","locations":[{"start":{"line":91,"column":4},"end":{"line":93,"column":5}},{"start":{},"end":{}}]},"8":{"loc":{"start":{"line":107,"column":4},"end":{"line":109,"column":5}},"type":"if","locations":[{"start":{"line":107,"column":4},"end":{"line":109,"column":5}},{"start":{},"end":{}}]}},"s":{"0":3,"1":3,"2":1,"3":1,"4":3,"5":3,"6":3,"7":2,"8":1,"9":1,"10":1,"11":2,"12":2,"13":1,"14":1,"15":1,"16":1,"17":1,"18":2,"19":2,"20":1,"21":1,"22":1,"23":1,"24":3},"f":{"0":1,"1":3,"2":1,"3":2,"4":2,"5":1},"b":{"0":[0],"1":[1,0],"2":[0],"3":[0,3],"4":[2,1],"5":[1,0],"6":[1,1],"7":[1,0],"8":[1,1]}}
,"C:\\bolastudents\\backend\\src\\services\\submissionService.ts": {"path":"C:\\bolastudents\\backend\\src\\services\\submissionService.ts","statementMap":{"0":{"start":{"line":1,"column":0},"end":{"line":1,"column":41}},"1":{"start":{"line":19,"column":23},"end":{"line":30,"column":6}},"2":{"start":{"line":32,"column":4},"end":{"line":34,"column":5}},"3":{"start":{"line":33,"column":6},"end":{"line":33,"column":46}},"4":{"start":{"line":36,"column":4},"end":{"line":38,"column":5}},"5":{"start":{"line":37,"column":6},"end":{"line":37,"column":46}},"6":{"start":{"line":41,"column":23},"end":{"line":48,"column":6}},"7":{"start":{"line":50,"column":4},"end":{"line":52,"column":5}},"8":{"start":{"line":51,"column":6},"end":{"line":51,"column":61}},"9":{"start":{"line":55,"column":4},"end":{"line":67,"column":5}},"10":{"start":{"line":56,"column":22},"end":{"line":62,"column":8}},"11":{"start":{"line":64,"column":6},"end":{"line":66,"column":7}},"12":{"start":{"line":65,"column":8},"end":{"line":65,"column":81}},"13":{"start":{"line":70,"column":31},"end":{"line":75,"column":6}},"14":{"start":{"line":77,"column":4},"end":{"line":79,"column":5}},"15":{"start":{"line":78,"column":6},"end":{"line":78,"column":68}},"16":{"start":{"line":82,"column":4},"end":{"line":84,"column":5}},"17":{"start":{"line":83,"column":6},"end":{"line":83,"column":67}},"18":{"start":{"line":86,"column":4},"end":{"line":88,"column":5}},"19":{"start":{"line":87,"column":6},"end":{"line":87,"column":67}},"20":{"start":{"line":91,"column":16},"end":{"line":91,"column":26}},"21":{"start":{"line":92,"column":19},"end":{"line":92,"column":68}},"22":{"start":{"line":95,"column":23},"end":{"line":124,"column":6}},"23":{"start":{"line":126,"column":4},"end":{"line":126,"column":22}},"24":{"start":{"line":130,"column":23},"end":{"line":166,"column":6}},"25":{"start":{"line":168,"column":4},"end":{"line":170,"column":5}},"26":{"start":{"line":169,"column":6},"end":{"line":169,"column":46}},"27":{"start":{"line":172,"column":4},"end":{"line":174,"column":5}},"28":{"start":{"line":173,"column":6},"end":{"line":173,"column":46}},"29":{"start":{"line":177,"column":4},"end":{"line":216,"column":5}},"30":{"start":{"line":179,"column":6},"end":{"line":181,"column":7}},"31":{"start":{"line":180,"column":8},"end":{"line":180,"column":78}},"32":{"start":{"line":184,"column":25},"end":{"line":191,"column":8}},"33":{"start":{"line":193,"column":6},"end":{"line":195,"column":7}},"34":{"start":{"line":194,"column":8},"end":{"line":194,"column":63}},"35":{"start":{"line":198,"column":6},"end":{"line":210,"column":7}},"36":{"start":{"line":199,"column":24},"end":{"line":205,"column":10}},"37":{"start":{"line":207,"column":8},"end":{"line":209,"column":9}},"38":{"start":{"line":208,"column":10},"end":{"line":208,"column":83}},"39":{"start":{"line":211,"column":11},"end":{"line":216,"column":5}},"40":{"start":{"line":213,"column":6},"end":{"line":215,"column":7}},"41":{"start":{"line":214,"column":8},"end":{"line":214,"column":78}},"42":{"start":{"line":219,"column":4},"end":{"line":219,"column":22}},"43":{"start":{"line":224,"column":23},"end":{"line":235,"column":6}},"44":{"start":{"line":237,"column":4},"end":{"line":239,"column":5}},"45":{"start":{"line":238,"column":6},"end":{"line":238,"column":46}},"46":{"start":{"line":241,"column":4},"end":{"line":243,"column":5}},"47":{"start":{"line":242,"column":6},"end":{"line":242,"column":46}},"48":{"start":{"line":246,"column":4},"end":{"line":248,"column":5}},"49":{"start":{"line":247,"column":6},"end":{"line":247,"column":96}},"50":{"start":{"line":250,"column":4},"end":{"line":252,"column":5}},"51":{"start":{"line":251,"column":6},"end":{"line":251,"column":92}},"52":{"start":{"line":254,"column":24},"end":{"line":278,"column":6}},"53":{"start":{"line":280,"column":4},"end":{"line":280,"column":23}},"54":{"start":{"line":285,"column":4},"end":{"line":287,"column":5}},"55":{"start":{"line":286,"column":6},"end":{"line":286,"column":78}},"56":{"start":{"line":289,"column":24},"end":{"line":316,"column":6}},"57":{"start":{"line":319,"column":4},"end":{"line":319,"column":86}},"58":{"start":{"line":319,"column":44},"end":{"line":319,"column":84}},"59":{"start":{"line":16,"column":0},"end":{"line":16,"column":13}}},"fnMap":{"0":{"name":"(anonymous_0)","decl":{"start":{"line":17,"column":2},"end":{"line":17,"column":7}},"loc":{"start":{"line":17,"column":70},"end":{"line":127,"column":3}}},"1":{"name":"(anonymous_1)","decl":{"start":{"line":129,"column":2},"end":{"line":129,"column":7}},"loc":{"start":{"line":129,"column":80},"end":{"line":220,"column":3}}},"2":{"name":"(anonymous_2)","decl":{"start":{"line":222,"column":2},"end":{"line":222,"column":7}},"loc":{"start":{"line":222,"column":89},"end":{"line":281,"column":3}}},"3":{"name":"(anonymous_3)","decl":{"start":{"line":283,"column":2},"end":{"line":283,"column":7}},"loc":{"start":{"line":283,"column":81},"end":{"line":320,"column":3}}},"4":{"name":"(anonymous_4)","decl":{"start":{"line":319,"column":30},"end":{"line":319,"column":40}},"loc":{"start":{"line":319,"column":44},"end":{"line":319,"column":84}}}},"branchMap":{"0":{"loc":{"start":{"line":32,"column":4},"end":{"line":34,"column":5}},"type":"if","locations":[{"start":{"line":32,"column":4},"end":{"line":34,"column":5}},{"start":{},"end":{}}]},"1":{"loc":{"start":{"line":36,"column":4},"end":{"line":38,"column":5}},"type":"if","locations":[{"start":{"line":36,"column":4},"end":{"line":38,"column":5}},{"start":{},"end":{}}]},"2":{"loc":{"start":{"line":50,"column":4},"end":{"line":52,"column":5}},"type":"if","locations":[{"start":{"line":50,"column":4},"end":{"line":52,"column":5}},{"start":{},"end":{}}]},"3":{"loc":{"start":{"line":55,"column":4},"end":{"line":67,"column":5}},"type":"if","locations":[{"start":{"line":55,"column":4},"end":{"line":67,"column":5}},{"start":{},"end":{}}]},"4":{"loc":{"start":{"line":64,"column":6},"end":{"line":66,"column":7}},"type":"if","locations":[{"start":{"line":64,"column":6},"end":{"line":66,"column":7}},{"start":{},"end":{}}]},"5":{"loc":{"start":{"line":77,"column":4},"end":{"line":79,"column":5}},"type":"if","locations":[{"start":{"line":77,"column":4},"end":{"line":79,"column":5}},{"start":{},"end":{}}]},"6":{"loc":{"start":{"line":82,"column":4},"end":{"line":84,"column":5}},"type":"if","locations":[{"start":{"line":82,"column":4},"end":{"line":84,"column":5}},{"start":{},"end":{}}]},"7":{"loc":{"start":{"line":82,"column":8},"end":{"line":82,"column":55}},"type":"binary-expr","locations":[{"start":{"line":82,"column":8},"end":{"line":82,"column":38}},{"start":{"line":82,"column":42},"end":{"line":82,"column":55}}]},"8":{"loc":{"start":{"line":86,"column":4},"end":{"line":88,"column":5}},"type":"if","locations":[{"start":{"line":86,"column":4},"end":{"line":88,"column":5}},{"start":{},"end":{}}]},"9":{"loc":{"start":{"line":86,"column":8},"end":{"line":86,"column":55}},"type":"binary-expr","locations":[{"start":{"line":86,"column":8},"end":{"line":86,"column":38}},{"start":{"line":86,"column":42},"end":{"line":86,"column":55}}]},"10":{"loc":{"start":{"line":92,"column":19},"end":{"line":92,"column":68}},"type":"cond-expr","locations":[{"start":{"line":92,"column":48},"end":{"line":92,"column":59}},{"start":{"line":92,"column":62},"end":{"line":92,"column":68}}]},"11":{"loc":{"start":{"line":168,"column":4},"end":{"line":170,"column":5}},"type":"if","locations":[{"start":{"line":168,"column":4},"end":{"line":170,"column":5}},{"start":{},"end":{}}]},"12":{"loc":{"start":{"line":172,"column":4},"end":{"line":174,"column":5}},"type":"if","locations":[{"start":{"line":172,"column":4},"end":{"line":174,"column":5}},{"start":{},"end":{}}]},"13":{"loc":{"start":{"line":177,"column":4},"end":{"line":216,"column":5}},"type":"if","locations":[{"start":{"line":177,"column":4},"end":{"line":216,"column":5}},{"start":{"line":211,"column":11},"end":{"line":216,"column":5}}]},"14":{"loc":{"start":{"line":179,"column":6},"end":{"line":181,"column":7}},"type":"if","locations":[{"start":{"line":179,"column":6},"end":{"line":181,"column":7}},{"start":{},"end":{}}]},"15":{"loc":{"start":{"line":193,"column":6},"end":{"line":195,"column":7}},"type":"if","locations":[{"start":{"line":193,"column":6},"end":{"line":195,"column":7}},{"start":{},"end":{}}]},"16":{"loc":{"start":{"line":198,"column":6},"end":{"line":210,"column":7}},"type":"if","locations":[{"start":{"line":198,"column":6},"end":{"line":210,"column":7}},{"start":{},"end":{}}]},"17":{"loc":{"start":{"line":207,"column":8},"end":{"line":209,"column":9}},"type":"if","locations":[{"start":{"line":207,"column":8},"end":{"line":209,"column":9}},{"start":{},"end":{}}]},"18":{"loc":{"start":{"line":211,"column":11},"end":{"line":216,"column":5}},"type":"if","locations":[{"start":{"line":211,"column":11},"end":{"line":216,"column":5}},{"start":{},"end":{}}]},"19":{"loc":{"start":{"line":213,"column":6},"end":{"line":215,"column":7}},"type":"if","locations":[{"start":{"line":213,"column":6},"end":{"line":215,"column":7}},{"start":{},"end":{}}]},"20":{"loc":{"start":{"line":237,"column":4},"end":{"line":239,"column":5}},"type":"if","locations":[{"start":{"line":237,"column":4},"end":{"line":239,"column":5}},{"start":{},"end":{}}]},"21":{"loc":{"start":{"line":241,"column":4},"end":{"line":243,"column":5}},"type":"if","locations":[{"start":{"line":241,"column":4},"end":{"line":243,"column":5}},{"start":{},"end":{}}]},"22":{"loc":{"start":{"line":246,"column":4},"end":{"line":248,"column":5}},"type":"if","locations":[{"start":{"line":246,"column":4},"end":{"line":248,"column":5}},{"start":{},"end":{}}]},"23":{"loc":{"start":{"line":250,"column":4},"end":{"line":252,"column":5}},"type":"if","locations":[{"start":{"line":250,"column":4},"end":{"line":252,"column":5}},{"start":{},"end":{}}]},"24":{"loc":{"start":{"line":250,"column":8},"end":{"line":250,"column":78}},"type":"binary-expr","locations":[{"start":{"line":250,"column":8},"end":{"line":250,"column":33}},{"start":{"line":250,"column":37},"end":{"line":250,"column":78}}]},"25":{"loc":{"start":{"line":285,"column":4},"end":{"line":287,"column":5}},"type":"if","locations":[{"start":{"line":285,"column":4},"end":{"line":287,"column":5}},{"start":{},"end":{}}]},"26":{"loc":{"start":{"line":285,"column":8},"end":{"line":285,"column":54}},"type":"binary-expr","locations":[{"start":{"line":285,"column":8},"end":{"line":285,"column":30}},{"start":{"line":285,"column":34},"end":{"line":285,"column":54}}]}},"s":{"0":5,"1":38,"2":38,"3":0,"4":38,"5":0,"6":38,"7":38,"8":0,"9":38,"10":0,"11":0,"12":0,"13":38,"14":38,"15":0,"16":38,"17":0,"18":38,"19":0,"20":38,"21":38,"22":38,"23":38,"24":37,"25":37,"26":0,"27":37,"28":0,"29":37,"30":37,"31":0,"32":37,"33":37,"34":0,"35":37,"36":0,"37":0,"38":0,"39":0,"40":0,"41":0,"42":37,"43":0,"44":0,"45":0,"46":0,"47":0,"48":0,"49":0,"50":0,"51":0,"52":0,"53":0,"54":0,"55":0,"56":0,"57":0,"58":0,"59":5},"f":{"0":38,"1":37,"2":0,"3":0,"4":0},"b":{"0":[0,38],"1":[0,38],"2":[0,38],"3":[0,38],"4":[0,0],"5":[0,38],"6":[0,38],"7":[38,26],"8":[0,38],"9":[38,12],"10":[27,11],"11":[0,37],"12":[0,37],"13":[37,0],"14":[0,37],"15":[0,37],"16":[0,37],"17":[0,0],"18":[0,0],"19":[0,0],"20":[0,0],"21":[0,0],"22":[0,0],"23":[0,0],"24":[0,0],"25":[0,0],"26":[0,0]}}
,"C:\\bolastudents\\backend\\src\\utils\\jwt.ts": {"path":"C:\\bolastudents\\backend\\src\\utils\\jwt.ts","statementMap":{"0":{"start":{"line":1,"column":0},"end":{"line":1,"column":31}},"1":{"start":{"line":3,"column":19},"end":{"line":3,"column":62}},"2":{"start":{"line":4,"column":23},"end":{"line":4,"column":53}},"3":{"start":{"line":12,"column":29},"end":{"line":14,"column":1}},"4":{"start":{"line":13,"column":2},"end":{"line":13,"column":89}},"5":{"start":{"line":12,"column":13},"end":{"line":12,"column":29}},"6":{"start":{"line":16,"column":27},"end":{"line":18,"column":1}},"7":{"start":{"line":17,"column":2},"end":{"line":17,"column":53}},"8":{"start":{"line":16,"column":13},"end":{"line":16,"column":27}}},"fnMap":{"0":{"name":"(anonymous_1)","decl":{"start":{"line":12,"column":29},"end":{"line":12,"column":30}},"loc":{"start":{"line":12,"column":61},"end":{"line":14,"column":1}}},"1":{"name":"(anonymous_2)","decl":{"start":{"line":16,"column":27},"end":{"line":16,"column":28}},"loc":{"start":{"line":16,"column":57},"end":{"line":18,"column":1}}}},"branchMap":{"0":{"loc":{"start":{"line":3,"column":19},"end":{"line":3,"column":62}},"type":"binary-expr","locations":[{"start":{"line":3,"column":19},"end":{"line":3,"column":41}},{"start":{"line":3,"column":45},"end":{"line":3,"column":62}}]},"1":{"loc":{"start":{"line":4,"column":23},"end":{"line":4,"column":53}},"type":"binary-expr","locations":[{"start":{"line":4,"column":23},"end":{"line":4,"column":45}},{"start":{"line":4,"column":49},"end":{"line":4,"column":53}}]}},"s":{"0":6,"1":6,"2":6,"3":6,"4":281,"5":6,"6":6,"7":73,"8":6},"f":{"0":281,"1":73},"b":{"0":[6,0],"1":[6,0]}}
,"C:\\bolastudents\\backend\\src\\utils\\password.ts": {"path":"C:\\bolastudents\\backend\\src\\utils\\password.ts","statementMap":{"0":{"start":{"line":1,"column":0},"end":{"line":1,"column":28}},"1":{"start":{"line":3,"column":20},"end":{"line":3,"column":22}},"2":{"start":{"line":5,"column":28},"end":{"line":7,"column":1}},"3":{"start":{"line":6,"column":2},"end":{"line":6,"column":44}},"4":{"start":{"line":5,"column":13},"end":{"line":5,"column":28}},"5":{"start":{"line":9,"column":31},"end":{"line":11,"column":1}},"6":{"start":{"line":10,"column":2},"end":{"line":10,"column":50}},"7":{"start":{"line":9,"column":13},"end":{"line":9,"column":31}}},"fnMap":{"0":{"name":"(anonymous_1)","decl":{"start":{"line":5,"column":28},"end":{"line":5,"column":33}},"loc":{"start":{"line":5,"column":72},"end":{"line":7,"column":1}}},"1":{"name":"(anonymous_2)","decl":{"start":{"line":9,"column":31},"end":{"line":9,"column":36}},"loc":{"start":{"line":9,"column":100},"end":{"line":11,"column":1}}}},"branchMap":{},"s":{"0":9,"1":9,"2":9,"3":92,"4":9,"5":9,"6":4,"7":9},"f":{"0":92,"1":4},"b":{}}
,"C:\\bolastudents\\backend\\src\\utils\\prisma.ts": {"path":"C:\\bolastudents\\backend\\src\\utils\\prisma.ts","statementMap":{"0":{"start":{"line":1,"column":0},"end":{"line":1,"column":46}},"1":{"start":{"line":3,"column":24},"end":{"line":3,"column":null}},"2":{"start":{"line":7,"column":13},"end":{"line":7,"column":67}},"3":{"start":{"line":9,"column":0},"end":{"line":9,"column":75}},"4":{"start":{"line":9,"column":43},"end":{"line":9,"column":75}}},"fnMap":{},"branchMap":{"0":{"loc":{"start":{"line":7,"column":22},"end":{"line":7,"column":66}},"type":"binary-expr","locations":[{"start":{"line":7,"column":22},"end":{"line":7,"column":44}},{"start":{"line":7,"column":48},"end":{"line":7,"column":66}}]},"1":{"loc":{"start":{"line":9,"column":0},"end":{"line":9,"column":75}},"type":"if","locations":[{"start":{"line":9,"column":0},"end":{"line":9,"column":75}},{"start":{},"end":{}}]}},"s":{"0":12,"1":12,"2":12,"3":12,"4":12},"f":{},"b":{"0":[12,12],"1":[12,0]}}
,"C:\\bolastudents\\backend\\src\\utils\\validation.ts": {"path":"C:\\bolastudents\\backend\\src\\utils\\validation.ts","statementMap":{"0":{"start":{"line":1,"column":29},"end":{"line":4,"column":1}},"1":{"start":{"line":2,"column":21},"end":{"line":2,"column":49}},"2":{"start":{"line":3,"column":2},"end":{"line":3,"column":32}},"3":{"start":{"line":1,"column":13},"end":{"line":1,"column":29}},"4":{"start":{"line":6,"column":32},"end":{"line":24,"column":1}},"5":{"start":{"line":7,"column":2},"end":{"line":9,"column":3}},"6":{"start":{"line":8,"column":4},"end":{"line":8,"column":86}},"7":{"start":{"line":11,"column":2},"end":{"line":13,"column":3}},"8":{"start":{"line":12,"column":4},"end":{"line":12,"column":94}},"9":{"start":{"line":15,"column":2},"end":{"line":17,"column":3}},"10":{"start":{"line":16,"column":4},"end":{"line":16,"column":94}},"11":{"start":{"line":19,"column":2},"end":{"line":21,"column":3}},"12":{"start":{"line":20,"column":4},"end":{"line":20,"column":84}},"13":{"start":{"line":23,"column":2},"end":{"line":23,"column":27}},"14":{"start":{"line":6,"column":13},"end":{"line":6,"column":32}}},"fnMap":{"0":{"name":"(anonymous_0)","decl":{"start":{"line":1,"column":29},"end":{"line":1,"column":30}},"loc":{"start":{"line":1,"column":56},"end":{"line":4,"column":1}}},"1":{"name":"(anonymous_1)","decl":{"start":{"line":6,"column":32},"end":{"line":6,"column":33}},"loc":{"start":{"line":6,"column":93},"end":{"line":24,"column":1}}}},"branchMap":{"0":{"loc":{"start":{"line":7,"column":2},"end":{"line":9,"column":3}},"type":"if","locations":[{"start":{"line":7,"column":2},"end":{"line":9,"column":3}},{"start":{},"end":{}}]},"1":{"loc":{"start":{"line":11,"column":2},"end":{"line":13,"column":3}},"type":"if","locations":[{"start":{"line":11,"column":2},"end":{"line":13,"column":3}},{"start":{},"end":{}}]},"2":{"loc":{"start":{"line":15,"column":2},"end":{"line":17,"column":3}},"type":"if","locations":[{"start":{"line":15,"column":2},"end":{"line":17,"column":3}},{"start":{},"end":{}}]},"3":{"loc":{"start":{"line":19,"column":2},"end":{"line":21,"column":3}},"type":"if","locations":[{"start":{"line":19,"column":2},"end":{"line":21,"column":3}},{"start":{},"end":{}}]}},"s":{"0":4,"1":0,"2":0,"3":4,"4":4,"5":0,"6":0,"7":0,"8":0,"9":0,"10":0,"11":0,"12":0,"13":0,"14":4},"f":{"0":0,"1":0},"b":{"0":[0,0],"1":[0,0],"2":[0,0],"3":[0,0]}}
}
