TN:
SF:src\index.ts
FN:39,(anonymous_1)
FN:44,(anonymous_2)
FN:53,(anonymous_3)
FNF:3
FNH:0
FNDA:0,(anonymous_1)
FNDA:0,(anonymous_2)
FNDA:0,(anonymous_3)
DA:1,3
DA:2,3
DA:3,3
DA:4,3
DA:5,3
DA:6,3
DA:7,3
DA:8,3
DA:9,3
DA:10,3
DA:11,3
DA:12,3
DA:14,3
DA:16,3
DA:17,3
DA:20,3
DA:24,3
DA:25,3
DA:28,3
DA:29,3
DA:30,3
DA:31,3
DA:32,3
DA:33,3
DA:34,3
DA:35,3
DA:36,3
DA:39,3
DA:40,0
DA:44,3
DA:45,0
DA:46,0
DA:52,3
DA:53,0
DA:54,0
DA:58,3
LF:36
LH:31
BRDA:17,0,0,3
BRDA:17,0,1,0
BRDA:21,1,0,3
BRDA:21,1,1,0
BRDA:46,2,0,0
BRDA:46,2,1,0
BRDA:47,3,0,0
BRDA:47,3,1,0
BRDA:52,4,0,0
BRDA:52,4,1,3
BRF:10
BRH:3
end_of_record
TN:
SF:src\middleware\auth.ts
FN:9,(anonymous_0)
FN:26,(anonymous_1)
FN:27,(anonymous_2)
FN:40,(anonymous_3)
FN:41,(anonymous_4)
FN:127,(anonymous_5)
FN:128,(anonymous_6)
FNF:7
FNH:6
FNDA:98,(anonymous_0)
FNDA:60,(anonymous_1)
FNDA:13,(anonymous_2)
FNDA:253,(anonymous_3)
FNDA:250,(anonymous_4)
FNDA:6,(anonymous_5)
FNDA:0,(anonymous_6)
DA:2,5
DA:3,5
DA:9,5
DA:10,98
DA:11,98
DA:13,98
DA:14,25
DA:17,73
DA:18,73
DA:19,62
DA:20,62
DA:22,11
DA:26,5
DA:27,60
DA:28,13
DA:29,0
DA:32,13
DA:33,5
DA:36,8
DA:40,5
DA:41,253
DA:42,250
DA:43,0
DA:46,250
DA:47,250
DA:49,250
DA:50,0
DA:54,250
DA:64,250
DA:65,0
DA:68,250
DA:69,10
DA:73,240
DA:74,10
DA:78,230
DA:79,10
DA:83,220
DA:85,220
DA:87,210
DA:95,210
DA:96,100
DA:101,120
DA:110,120
DA:111,10
DA:114,110
DA:118,0
DA:121,0
DA:122,0
DA:127,5
DA:128,6
DA:129,0
DA:130,0
DA:133,0
DA:134,0
DA:136,0
DA:137,0
DA:141,0
DA:158,0
DA:159,0
DA:162,0
DA:163,0
DA:166,0
DA:167,0
DA:171,0
DA:172,0
DA:176,0
DA:177,0
DA:181,0
DA:183,0
DA:184,0
DA:192,0
DA:193,0
DA:198,0
DA:207,0
DA:208,0
DA:211,0
DA:215,0
DA:218,0
DA:219,0
LF:79
LH:43
BRDA:11,0,0,98
BRDA:11,0,1,81
BRDA:13,1,0,25
BRDA:13,1,1,73
BRDA:28,2,0,0
BRDA:28,2,1,13
BRDA:32,3,0,5
BRDA:32,3,1,8
BRDA:40,4,0,0
BRDA:42,5,0,0
BRDA:42,5,1,250
BRDA:49,6,0,0
BRDA:49,6,1,250
BRDA:64,7,0,0
BRDA:64,7,1,250
BRDA:68,8,0,10
BRDA:68,8,1,240
BRDA:73,9,0,10
BRDA:73,9,1,230
BRDA:73,10,0,240
BRDA:73,10,1,10
BRDA:78,11,0,10
BRDA:78,11,1,220
BRDA:83,12,0,220
BRDA:83,12,1,0
BRDA:85,13,0,210
BRDA:85,13,1,10
BRDA:95,14,0,100
BRDA:95,14,1,110
BRDA:110,15,0,10
BRDA:110,15,1,110
BRDA:129,16,0,0
BRDA:129,16,1,0
BRDA:136,17,0,0
BRDA:136,17,1,0
BRDA:158,18,0,0
BRDA:158,18,1,0
BRDA:162,19,0,0
BRDA:162,19,1,0
BRDA:166,20,0,0
BRDA:166,20,1,0
BRDA:171,21,0,0
BRDA:171,21,1,0
BRDA:171,22,0,0
BRDA:171,22,1,0
BRDA:176,23,0,0
BRDA:176,23,1,0
BRDA:181,24,0,0
BRDA:181,24,1,0
BRDA:183,25,0,0
BRDA:183,25,1,0
BRDA:192,26,0,0
BRDA:192,26,1,0
BRDA:207,27,0,0
BRDA:207,27,1,0
BRF:55
BRH:25
end_of_record
TN:
SF:src\routes\assignments.ts
FN:11,(anonymous_0)
FN:66,(anonymous_1)
FN:96,(anonymous_2)
FN:126,(anonymous_3)
FN:169,(anonymous_4)
FN:190,(anonymous_5)
FN:201,(anonymous_6)
FN:226,(anonymous_7)
FNF:8
FNH:3
FNDA:1,(anonymous_0)
FNDA:2,(anonymous_1)
FNDA:2,(anonymous_2)
FNDA:0,(anonymous_3)
FNDA:0,(anonymous_4)
FNDA:0,(anonymous_5)
FNDA:0,(anonymous_6)
FNDA:0,(anonymous_7)
DA:1,3
DA:2,3
DA:3,3
DA:4,3
DA:6,3
DA:7,3
DA:8,3
DA:11,3
DA:12,1
DA:13,1
DA:16,1
DA:17,0
DA:23,1
DA:24,0
DA:30,1
DA:31,1
DA:32,0
DA:36,1
DA:37,0
DA:40,1
DA:48,1
DA:49,1
DA:51,0
DA:53,0
DA:54,0
DA:57,0
DA:58,0
DA:61,0
DA:66,3
DA:67,2
DA:68,2
DA:69,2
DA:74,2
DA:76,0
DA:78,0
DA:79,0
DA:82,0
DA:84,0
DA:87,0
DA:88,0
DA:91,0
DA:96,3
DA:97,2
DA:98,2
DA:99,2
DA:104,2
DA:106,0
DA:108,0
DA:109,0
DA:112,0
DA:114,0
DA:117,0
DA:118,0
DA:121,0
DA:126,3
DA:127,0
DA:128,0
DA:129,0
DA:131,0
DA:133,0
DA:134,0
DA:135,0
DA:136,0
DA:137,0
DA:141,0
DA:143,0
DA:144,0
DA:145,0
DA:146,0
DA:148,0
DA:151,0
DA:152,0
DA:154,0
DA:156,0
DA:157,0
DA:160,0
DA:161,0
DA:164,0
DA:169,3
DA:170,0
DA:171,0
DA:172,0
DA:173,0
DA:175,0
DA:177,0
DA:178,0
DA:181,0
DA:182,0
DA:185,0
DA:190,3
DA:191,0
DA:192,0
DA:193,0
DA:195,0
DA:196,0
DA:201,3
DA:202,0
DA:203,0
DA:204,0
DA:209,0
DA:211,0
DA:213,0
DA:214,0
DA:217,0
DA:218,0
DA:221,0
DA:226,3
DA:227,0
DA:228,0
DA:229,0
DA:232,0
DA:233,0
DA:239,0
DA:240,0
DA:245,0
DA:252,0
DA:253,0
DA:255,0
DA:257,0
DA:258,0
DA:261,0
DA:262,0
DA:265,0
DA:266,0
DA:269,0
DA:270,0
DA:273,0
DA:277,3
LF:128
LH:34
BRDA:16,0,0,0
BRDA:16,0,1,1
BRDA:16,1,0,1
BRDA:16,1,1,1
BRDA:16,1,2,1
BRDA:16,1,3,1
BRDA:16,1,4,1
BRDA:23,2,0,0
BRDA:23,2,1,1
BRDA:31,3,0,0
BRDA:31,3,1,1
BRDA:36,4,0,0
BRDA:36,4,1,1
BRDA:53,5,0,0
BRDA:53,5,1,0
BRDA:57,6,0,0
BRDA:57,6,1,0
BRDA:78,7,0,0
BRDA:78,7,1,0
BRDA:82,8,0,0
BRDA:82,8,1,0
BRDA:82,9,0,0
BRDA:82,9,1,0
BRDA:87,10,0,0
BRDA:87,10,1,0
BRDA:108,11,0,0
BRDA:108,11,1,0
BRDA:112,12,0,0
BRDA:112,12,1,0
BRDA:112,13,0,0
BRDA:112,13,1,0
BRDA:117,14,0,0
BRDA:117,14,1,0
BRDA:133,15,0,0
BRDA:133,15,1,0
BRDA:134,16,0,0
BRDA:134,16,1,0
BRDA:135,17,0,0
BRDA:135,17,1,0
BRDA:136,18,0,0
BRDA:136,18,1,0
BRDA:143,19,0,0
BRDA:143,19,1,0
BRDA:145,20,0,0
BRDA:145,20,1,0
BRDA:156,21,0,0
BRDA:156,21,1,0
BRDA:160,22,0,0
BRDA:160,22,1,0
BRDA:177,23,0,0
BRDA:177,23,1,0
BRDA:181,24,0,0
BRDA:181,24,1,0
BRDA:213,25,0,0
BRDA:213,25,1,0
BRDA:217,26,0,0
BRDA:217,26,1,0
BRDA:232,27,0,0
BRDA:232,27,1,0
BRDA:239,28,0,0
BRDA:239,28,1,0
BRDA:257,29,0,0
BRDA:257,29,1,0
BRDA:261,30,0,0
BRDA:261,30,1,0
BRDA:265,31,0,0
BRDA:265,31,1,0
BRDA:269,32,0,0
BRDA:269,32,1,0
BRF:69
BRH:9
end_of_record
TN:
SF:src\routes\auth.ts
FN:9,(anonymous_9)
FN:33,(anonymous_10)
FN:62,(anonymous_11)
FN:80,(anonymous_12)
FN:87,(anonymous_13)
FN:102,(anonymous_14)
FN:109,(anonymous_15)
FN:124,(anonymous_16)
FN:150,(anonymous_17)
FN:164,(anonymous_18)
FN:190,(anonymous_19)
FN:208,(anonymous_20)
FNF:12
FNH:0
FNDA:0,(anonymous_9)
FNDA:0,(anonymous_10)
FNDA:0,(anonymous_11)
FNDA:0,(anonymous_12)
FNDA:0,(anonymous_13)
FNDA:0,(anonymous_14)
FNDA:0,(anonymous_15)
FNDA:0,(anonymous_16)
FNDA:0,(anonymous_17)
FNDA:0,(anonymous_18)
FNDA:0,(anonymous_19)
FNDA:0,(anonymous_20)
DA:1,3
DA:2,3
DA:3,3
DA:5,3
DA:6,3
DA:9,3
DA:10,0
DA:11,0
DA:14,0
DA:15,0
DA:18,0
DA:25,0
DA:27,0
DA:28,0
DA:33,3
DA:34,0
DA:35,0
DA:38,0
DA:39,0
DA:42,0
DA:44,0
DA:46,0
DA:49,0
DA:50,0
DA:53,0
DA:54,0
DA:57,0
DA:62,3
DA:63,0
DA:64,0
DA:66,0
DA:67,0
DA:70,0
DA:72,0
DA:74,0
DA:75,0
DA:80,3
DA:83,0
DA:87,3
DA:88,0
DA:89,0
DA:90,0
DA:93,0
DA:94,0
DA:96,0
DA:97,0
DA:102,3
DA:103,0
DA:104,0
DA:105,0
DA:109,0
DA:110,0
DA:116,0
DA:118,0
DA:119,0
DA:124,3
DA:125,0
DA:126,0
DA:128,0
DA:129,0
DA:132,0
DA:133,0
DA:135,0
DA:137,0
DA:138,0
DA:141,0
DA:142,0
DA:145,0
DA:150,3
DA:151,0
DA:153,0
DA:154,0
DA:157,0
DA:159,0
DA:160,0
DA:164,0
DA:165,0
DA:169,0
DA:170,0
DA:173,0
DA:182,0
DA:184,0
DA:185,0
DA:190,3
DA:191,0
DA:193,0
DA:194,0
DA:197,0
DA:199,0
DA:200,0
DA:203,0
DA:204,0
DA:208,0
DA:209,0
DA:213,0
DA:214,0
DA:217,0
DA:222,0
DA:224,0
DA:225,0
DA:229,3
LF:101
LH:15
BRDA:14,0,0,0
BRDA:14,0,1,0
BRDA:14,1,0,0
BRDA:14,1,1,0
BRDA:38,2,0,0
BRDA:38,2,1,0
BRDA:38,3,0,0
BRDA:38,3,1,0
BRDA:49,4,0,0
BRDA:49,4,1,0
BRDA:53,5,0,0
BRDA:53,5,1,0
BRDA:66,6,0,0
BRDA:66,6,1,0
BRDA:89,7,0,0
BRDA:89,7,1,0
BRDA:104,8,0,0
BRDA:104,8,1,0
BRDA:128,9,0,0
BRDA:128,9,1,0
BRDA:137,10,0,0
BRDA:137,10,1,0
BRDA:141,11,0,0
BRDA:141,11,1,0
BRDA:153,12,0,0
BRDA:153,12,1,0
BRDA:159,13,0,0
BRDA:159,13,1,0
BRDA:169,14,0,0
BRDA:169,14,1,0
BRDA:193,15,0,0
BRDA:193,15,1,0
BRDA:199,16,0,0
BRDA:199,16,1,0
BRDA:199,17,0,0
BRDA:199,17,1,0
BRDA:203,18,0,0
BRDA:203,18,1,0
BRDA:213,19,0,0
BRDA:213,19,1,0
BRF:40
BRH:0
end_of_record
TN:
SF:src\routes\contact.ts
FN:26,(anonymous_0)
FN:135,(anonymous_1)
FN:224,formatProjectType
FN:236,formatBudget
FN:247,formatTimeline
FN:259,generateContactEmailTemplate
FN:356,generateConfirmationEmailTemplate
FN:466,generateProjectInquiryEmailTemplate
FN:596,generateProjectConfirmationEmailTemplate
FNF:9
FNH:0
FNDA:0,(anonymous_0)
FNDA:0,(anonymous_1)
FNDA:0,formatProjectType
FNDA:0,formatBudget
FNDA:0,formatTimeline
FNDA:0,generateContactEmailTemplate
FNDA:0,generateConfirmationEmailTemplate
FNDA:0,generateProjectInquiryEmailTemplate
FNDA:0,generateProjectConfirmationEmailTemplate
DA:1,3
DA:2,3
DA:3,3
DA:5,3
DA:6,3
DA:9,3
DA:27,0
DA:28,0
DA:29,0
DA:30,0
DA:37,0
DA:40,0
DA:42,0
DA:50,0
DA:64,0
DA:72,0
DA:73,0
DA:86,0
DA:93,0
DA:99,0
DA:100,0
DA:108,3
DA:136,0
DA:137,0
DA:138,0
DA:139,0
DA:146,0
DA:149,0
DA:151,0
DA:162,0
DA:179,0
DA:187,0
DA:188,0
DA:202,0
DA:209,0
DA:215,0
DA:216,0
DA:225,0
DA:233,0
DA:237,0
DA:244,0
DA:248,0
DA:255,0
DA:266,0
DA:357,0
DA:476,0
DA:597,0
DA:705,3
LF:48
LH:8
BRDA:29,0,0,0
BRDA:29,0,1,0
BRDA:40,1,0,0
BRDA:40,1,1,0
BRDA:138,2,0,0
BRDA:138,2,1,0
BRDA:149,3,0,0
BRDA:149,3,1,0
BRDA:166,4,0,0
BRDA:166,4,1,0
BRDA:233,5,0,0
BRDA:233,5,1,0
BRDA:244,6,0,0
BRDA:244,6,1,0
BRDA:255,7,0,0
BRDA:255,7,1,0
BRDA:556,8,0,0
BRDA:556,8,1,0
BRF:18
BRH:0
end_of_record
TN:
SF:src\routes\courses.ts
FN:9,(anonymous_0)
FN:20,(anonymous_1)
FN:37,(anonymous_2)
FN:67,(anonymous_3)
FN:85,(anonymous_4)
FN:109,(anonymous_5)
FN:130,(anonymous_6)
FN:141,(anonymous_7)
FN:166,(anonymous_8)
FNF:9
FNH:0
FNDA:0,(anonymous_0)
FNDA:0,(anonymous_1)
FNDA:0,(anonymous_2)
FNDA:0,(anonymous_3)
FNDA:0,(anonymous_4)
FNDA:0,(anonymous_5)
FNDA:0,(anonymous_6)
FNDA:0,(anonymous_7)
FNDA:0,(anonymous_8)
DA:1,3
DA:2,3
DA:3,3
DA:5,3
DA:6,3
DA:9,3
DA:10,0
DA:11,0
DA:12,0
DA:14,0
DA:15,0
DA:20,3
DA:21,0
DA:22,0
DA:23,0
DA:24,0
DA:26,0
DA:28,0
DA:29,0
DA:32,0
DA:37,3
DA:38,0
DA:39,0
DA:42,0
DA:43,0
DA:46,0
DA:58,0
DA:59,0
DA:61,0
DA:62,0
DA:67,3
DA:68,0
DA:69,0
DA:70,0
DA:72,0
DA:85,0
DA:86,0
DA:87,0
DA:91,0
DA:92,0
DA:94,0
DA:96,0
DA:97,0
DA:100,0
DA:101,0
DA:104,0
DA:109,3
DA:110,0
DA:111,0
DA:112,0
DA:113,0
DA:115,0
DA:117,0
DA:118,0
DA:121,0
DA:122,0
DA:125,0
DA:130,3
DA:131,0
DA:132,0
DA:133,0
DA:135,0
DA:136,0
DA:141,3
DA:142,0
DA:143,0
DA:144,0
DA:145,0
DA:147,0
DA:149,0
DA:150,0
DA:153,0
DA:154,0
DA:157,0
DA:158,0
DA:161,0
DA:166,3
DA:167,0
DA:168,0
DA:169,0
DA:171,0
DA:172,0
DA:175,0
DA:176,0
DA:178,0
DA:180,0
DA:181,0
DA:184,0
DA:185,0
DA:188,0
DA:193,0
DA:196,0
DA:200,3
LF:93
LH:14
BRDA:28,0,0,0
BRDA:28,0,1,0
BRDA:42,1,0,0
BRDA:42,1,1,0
BRDA:42,2,0,0
BRDA:42,2,1,0
BRDA:42,2,2,0
BRDA:42,2,3,0
BRDA:51,3,0,0
BRDA:51,3,1,0
BRDA:52,4,0,0
BRDA:52,4,1,0
BRDA:86,5,0,0
BRDA:86,5,1,0
BRDA:96,6,0,0
BRDA:96,6,1,0
BRDA:100,7,0,0
BRDA:100,7,1,0
BRDA:117,8,0,0
BRDA:117,8,1,0
BRDA:121,9,0,0
BRDA:121,9,1,0
BRDA:149,10,0,0
BRDA:149,10,1,0
BRDA:149,11,0,0
BRDA:149,11,1,0
BRDA:153,12,0,0
BRDA:153,12,1,0
BRDA:157,13,0,0
BRDA:157,13,1,0
BRDA:171,14,0,0
BRDA:171,14,1,0
BRDA:180,15,0,0
BRDA:180,15,1,0
BRDA:180,16,0,0
BRDA:180,16,1,0
BRDA:184,17,0,0
BRDA:184,17,1,0
BRDA:188,18,0,0
BRDA:188,18,1,0
BRDA:188,19,0,0
BRDA:188,19,1,0
BRDA:188,19,2,0
BRDA:188,19,3,0
BRDA:188,19,4,0
BRF:45
BRH:0
end_of_record
TN:
SF:src\routes\feedback.ts
FN:9,(anonymous_0)
FN:55,(anonymous_1)
FN:85,(anonymous_2)
FN:115,(anonymous_3)
FN:157,(anonymous_4)
FN:168,(anonymous_5)
FNF:6
FNH:0
FNDA:0,(anonymous_0)
FNDA:0,(anonymous_1)
FNDA:0,(anonymous_2)
FNDA:0,(anonymous_3)
FNDA:0,(anonymous_4)
FNDA:0,(anonymous_5)
DA:1,3
DA:2,3
DA:3,3
DA:5,3
DA:6,3
DA:9,3
DA:10,0
DA:11,0
DA:14,0
DA:15,0
DA:21,0
DA:22,0
DA:27,0
DA:33,0
DA:34,0
DA:36,0
DA:38,0
DA:39,0
DA:42,0
DA:43,0
DA:46,0
DA:47,0
DA:50,0
DA:55,3
DA:56,0
DA:57,0
DA:58,0
DA:63,0
DA:65,0
DA:67,0
DA:68,0
DA:71,0
DA:73,0
DA:76,0
DA:77,0
DA:80,0
DA:85,3
DA:86,0
DA:87,0
DA:88,0
DA:93,0
DA:95,0
DA:97,0
DA:98,0
DA:101,0
DA:103,0
DA:106,0
DA:107,0
DA:110,0
DA:115,3
DA:116,0
DA:117,0
DA:118,0
DA:120,0
DA:122,0
DA:123,0
DA:124,0
DA:125,0
DA:129,0
DA:133,0
DA:134,0
DA:139,0
DA:140,0
DA:142,0
DA:144,0
DA:145,0
DA:148,0
DA:149,0
DA:152,0
DA:157,3
DA:158,0
DA:159,0
DA:160,0
DA:162,0
DA:163,0
DA:168,3
DA:169,0
DA:170,0
DA:171,0
DA:176,0
DA:178,0
DA:180,0
DA:181,0
DA:184,0
DA:188,3
LF:85
LH:12
BRDA:14,0,0,0
BRDA:14,0,1,0
BRDA:14,1,0,0
BRDA:14,1,1,0
BRDA:21,2,0,0
BRDA:21,2,1,0
BRDA:21,3,0,0
BRDA:21,3,1,0
BRDA:21,3,2,0
BRDA:21,3,3,0
BRDA:38,4,0,0
BRDA:38,4,1,0
BRDA:42,5,0,0
BRDA:42,5,1,0
BRDA:46,6,0,0
BRDA:46,6,1,0
BRDA:67,7,0,0
BRDA:67,7,1,0
BRDA:71,8,0,0
BRDA:71,8,1,0
BRDA:71,9,0,0
BRDA:71,9,1,0
BRDA:76,10,0,0
BRDA:76,10,1,0
BRDA:97,11,0,0
BRDA:97,11,1,0
BRDA:101,12,0,0
BRDA:101,12,1,0
BRDA:101,13,0,0
BRDA:101,13,1,0
BRDA:106,14,0,0
BRDA:106,14,1,0
BRDA:122,15,0,0
BRDA:122,15,1,0
BRDA:123,16,0,0
BRDA:123,16,1,0
BRDA:124,17,0,0
BRDA:124,17,1,0
BRDA:124,18,0,0
BRDA:124,18,1,0
BRDA:124,18,2,0
BRDA:133,19,0,0
BRDA:133,19,1,0
BRDA:144,20,0,0
BRDA:144,20,1,0
BRDA:148,21,0,0
BRDA:148,21,1,0
BRDA:180,22,0,0
BRDA:180,22,1,0
BRF:49
BRH:0
end_of_record
TN:
SF:src\routes\lessons.ts
FN:9,(anonymous_0)
FN:21,(anonymous_1)
FN:38,(anonymous_2)
FN:75,(anonymous_3)
FN:91,(anonymous_4)
FN:115,(anonymous_5)
FN:136,(anonymous_6)
FN:153,(anonymous_7)
FNF:8
FNH:0
FNDA:0,(anonymous_0)
FNDA:0,(anonymous_1)
FNDA:0,(anonymous_2)
FNDA:0,(anonymous_3)
FNDA:0,(anonymous_4)
FNDA:0,(anonymous_5)
FNDA:0,(anonymous_6)
FNDA:0,(anonymous_7)
DA:1,3
DA:2,3
DA:3,3
DA:5,3
DA:6,3
DA:9,3
DA:10,0
DA:11,0
DA:12,0
DA:13,0
DA:15,0
DA:16,0
DA:21,3
DA:22,0
DA:23,0
DA:24,0
DA:25,0
DA:27,0
DA:29,0
DA:30,0
DA:33,0
DA:38,3
DA:39,0
DA:40,0
DA:43,0
DA:44,0
DA:47,0
DA:57,0
DA:58,0
DA:60,0
DA:62,0
DA:63,0
DA:66,0
DA:67,0
DA:70,0
DA:75,3
DA:76,0
DA:77,0
DA:78,0
DA:80,0
DA:91,0
DA:92,0
DA:93,0
DA:97,0
DA:98,0
DA:100,0
DA:102,0
DA:103,0
DA:106,0
DA:107,0
DA:110,0
DA:115,3
DA:116,0
DA:117,0
DA:118,0
DA:119,0
DA:121,0
DA:123,0
DA:124,0
DA:127,0
DA:128,0
DA:131,0
DA:136,3
DA:137,0
DA:138,0
DA:139,0
DA:140,0
DA:142,0
DA:144,0
DA:145,0
DA:148,0
DA:153,3
DA:154,0
DA:155,0
DA:156,0
DA:157,0
DA:159,0
DA:160,0
DA:164,3
LF:79
LH:13
BRDA:29,0,0,0
BRDA:29,0,1,0
BRDA:43,1,0,0
BRDA:43,1,1,0
BRDA:43,2,0,0
BRDA:43,2,1,0
BRDA:43,2,2,0
BRDA:43,2,3,0
BRDA:43,2,4,0
BRDA:62,3,0,0
BRDA:62,3,1,0
BRDA:66,4,0,0
BRDA:66,4,1,0
BRDA:86,5,0,0
BRDA:86,5,1,0
BRDA:92,6,0,0
BRDA:92,6,1,0
BRDA:102,7,0,0
BRDA:102,7,1,0
BRDA:106,8,0,0
BRDA:106,8,1,0
BRDA:123,9,0,0
BRDA:123,9,1,0
BRDA:127,10,0,0
BRDA:127,10,1,0
BRDA:144,11,0,0
BRDA:144,11,1,0
BRDA:144,12,0,0
BRDA:144,12,1,0
BRF:29
BRH:0
end_of_record
TN:
SF:src\routes\payments.ts
FN:11,(anonymous_1)
FN:58,(anonymous_2)
FN:81,(anonymous_3)
FN:111,(anonymous_4)
FN:141,(anonymous_5)
FNF:5
FNH:2
FNDA:3,(anonymous_1)
FNDA:0,(anonymous_2)
FNDA:2,(anonymous_3)
FNDA:0,(anonymous_4)
FNDA:0,(anonymous_5)
DA:1,3
DA:2,3
DA:3,3
DA:5,3
DA:11,3
DA:12,3
DA:13,3
DA:14,3
DA:16,3
DA:17,1
DA:22,2
DA:29,0
DA:34,2
DA:36,2
DA:37,1
DA:40,1
DA:41,1
DA:44,0
DA:45,0
DA:48,0
DA:58,3
DA:59,0
DA:60,0
DA:62,0
DA:63,0
DA:66,0
DA:68,0
DA:70,0
DA:72,0
DA:73,0
DA:81,3
DA:82,2
DA:83,2
DA:84,2
DA:86,2
DA:89,1
DA:90,0
DA:93,1
DA:95,1
DA:97,1
DA:98,1
DA:101,0
DA:111,3
DA:112,0
DA:113,0
DA:114,0
DA:116,0
DA:119,0
DA:120,0
DA:123,0
DA:125,0
DA:127,0
DA:128,0
DA:131,0
DA:141,3
DA:142,0
DA:143,0
DA:144,0
DA:147,0
DA:149,0
DA:150,0
DA:153,0
DA:155,0
DA:157,0
DA:159,0
DA:160,0
DA:163,0
DA:164,0
DA:167,0
DA:168,0
DA:171,0
DA:177,3
LF:72
LH:30
BRDA:16,0,0,1
BRDA:16,0,1,2
BRDA:16,1,0,3
BRDA:16,1,1,3
BRDA:16,1,2,2
BRDA:36,2,0,1
BRDA:36,2,1,1
BRDA:40,3,0,1
BRDA:40,3,1,0
BRDA:44,4,0,0
BRDA:44,4,1,0
BRDA:62,5,0,0
BRDA:62,5,1,0
BRDA:89,6,0,0
BRDA:89,6,1,1
BRDA:89,7,0,1
BRDA:89,7,1,0
BRDA:89,7,2,0
BRDA:97,8,0,1
BRDA:97,8,1,0
BRDA:119,9,0,0
BRDA:119,9,1,0
BRDA:119,10,0,0
BRDA:119,10,1,0
BRDA:119,10,2,0
BRDA:127,11,0,0
BRDA:127,11,1,0
BRDA:149,12,0,0
BRDA:149,12,1,0
BRDA:159,13,0,0
BRDA:159,13,1,0
BRDA:163,14,0,0
BRDA:163,14,1,0
BRDA:167,15,0,0
BRDA:167,15,1,0
BRF:35
BRH:11
end_of_record
TN:
SF:src\routes\projects.ts
FN:9,(anonymous_0)
FN:14,(anonymous_1)
FN:27,(anonymous_2)
FN:51,(anonymous_3)
FN:107,(anonymous_4)
FN:137,(anonymous_5)
FN:169,(anonymous_6)
FN:186,(anonymous_7)
FN:191,(anonymous_8)
FNF:9
FNH:9
FNDA:1,(anonymous_0)
FNDA:1,(anonymous_1)
FNDA:3,(anonymous_2)
FNDA:2,(anonymous_3)
FNDA:2,(anonymous_4)
FNDA:20,(anonymous_5)
FNDA:2,(anonymous_6)
FNDA:1,(anonymous_7)
FNDA:2,(anonymous_8)
DA:1,3
DA:2,3
DA:3,3
DA:5,3
DA:6,3
DA:9,3
DA:10,1
DA:11,1
DA:14,1
DA:19,1
DA:21,0
DA:22,0
DA:27,3
DA:28,3
DA:29,3
DA:30,3
DA:33,1
DA:38,1
DA:40,2
DA:42,2
DA:43,2
DA:46,0
DA:51,3
DA:52,2
DA:64,2
DA:67,2
DA:68,1
DA:74,1
DA:75,0
DA:78,1
DA:91,1
DA:94,1
DA:99,1
DA:101,0
DA:102,0
DA:107,3
DA:108,2
DA:109,2
DA:121,2
DA:123,2
DA:137,2
DA:138,20
DA:139,16
DA:144,2
DA:145,0
DA:148,2
DA:151,1
DA:156,1
DA:158,1
DA:160,1
DA:161,1
DA:164,0
DA:169,3
DA:170,2
DA:171,2
DA:172,2
DA:173,1
DA:175,1
DA:177,1
DA:178,1
DA:181,0
DA:186,3
DA:187,1
DA:188,1
DA:191,2
DA:196,1
DA:198,0
DA:199,0
DA:203,3
LF:69
LH:58
BRDA:42,0,0,2
BRDA:42,0,1,0
BRDA:67,1,0,1
BRDA:67,1,1,1
BRDA:67,2,0,2
BRDA:67,2,1,2
BRDA:67,2,2,1
BRDA:67,2,3,1
BRDA:67,2,4,1
BRDA:67,2,5,1
BRDA:67,2,6,1
BRDA:67,2,7,1
BRDA:67,2,8,1
BRDA:74,3,0,0
BRDA:74,3,1,1
BRDA:88,4,0,1
BRDA:88,4,1,0
BRDA:138,5,0,16
BRDA:138,5,1,4
BRDA:144,6,0,0
BRDA:144,6,1,2
BRDA:144,7,0,2
BRDA:144,7,1,1
BRDA:160,8,0,1
BRDA:160,8,1,0
BRDA:177,9,0,1
BRDA:177,9,1,0
BRF:27
BRH:21
end_of_record
TN:
SF:src\routes\students.ts
FN:11,(anonymous_0)
FN:22,(anonymous_1)
FNF:2
FNH:0
FNDA:0,(anonymous_0)
FNDA:0,(anonymous_1)
DA:1,3
DA:2,3
DA:3,3
DA:4,3
DA:6,3
DA:7,3
DA:8,3
DA:11,3
DA:12,0
DA:13,0
DA:14,0
DA:16,0
DA:17,0
DA:22,3
DA:23,0
DA:24,0
DA:29,0
DA:31,0
DA:32,0
DA:36,3
LF:20
LH:10
BRF:0
BRH:0
end_of_record
TN:
SF:src\services\assignmentService.ts
FN:19,(anonymous_0)
FN:67,(anonymous_1)
FN:146,(anonymous_2)
FN:214,(anonymous_3)
FN:261,(anonymous_4)
FN:287,(anonymous_5)
FNF:6
FNH:3
FNDA:42,(anonymous_0)
FNDA:4,(anonymous_1)
FNDA:2,(anonymous_2)
FNDA:0,(anonymous_3)
FNDA:0,(anonymous_4)
FNDA:0,(anonymous_5)
DA:1,6
DA:18,6
DA:21,42
DA:26,42
DA:27,0
DA:30,42
DA:31,1
DA:34,41
DA:64,41
DA:69,4
DA:79,4
DA:80,0
DA:83,4
DA:84,0
DA:88,4
DA:89,0
DA:92,4
DA:94,3
DA:95,0
DA:103,0
DA:104,0
DA:109,3
DA:118,3
DA:119,1
DA:123,3
DA:143,3
DA:147,2
DA:167,2
DA:168,0
DA:171,2
DA:172,0
DA:176,2
DA:177,0
DA:180,2
DA:182,1
DA:183,0
DA:191,0
DA:192,0
DA:197,1
DA:206,1
DA:207,0
DA:211,2
DA:216,0
DA:225,0
DA:226,0
DA:229,0
DA:230,0
DA:233,0
DA:258,0
DA:263,0
DA:272,0
DA:273,0
DA:276,0
DA:277,0
DA:280,0
DA:284,0
DA:288,0
DA:312,0
LF:58
LH:28
BRDA:26,0,0,0
BRDA:26,0,1,42
BRDA:30,1,0,1
BRDA:30,1,1,41
BRDA:79,2,0,0
BRDA:79,2,1,4
BRDA:83,3,0,0
BRDA:83,3,1,4
BRDA:88,4,0,0
BRDA:88,4,1,4
BRDA:88,5,0,4
BRDA:88,5,1,1
BRDA:92,6,0,3
BRDA:92,6,1,1
BRDA:94,7,0,0
BRDA:94,7,1,3
BRDA:103,8,0,0
BRDA:103,8,1,0
BRDA:118,9,0,1
BRDA:118,9,1,2
BRDA:167,10,0,0
BRDA:167,10,1,2
BRDA:171,11,0,0
BRDA:171,11,1,2
BRDA:176,12,0,0
BRDA:176,12,1,2
BRDA:176,13,0,2
BRDA:176,13,1,1
BRDA:180,14,0,1
BRDA:180,14,1,1
BRDA:182,15,0,0
BRDA:182,15,1,1
BRDA:191,16,0,0
BRDA:191,16,1,0
BRDA:206,17,0,0
BRDA:206,17,1,1
BRDA:225,18,0,0
BRDA:225,18,1,0
BRDA:229,19,0,0
BRDA:229,19,1,0
BRDA:272,20,0,0
BRDA:272,20,1,0
BRDA:276,21,0,0
BRDA:276,21,1,0
BRF:44
BRH:22
end_of_record
TN:
SF:src\services\authService.ts
FN:34,(anonymous_0)
FN:37,(anonymous_1)
FN:103,(anonymous_2)
FN:148,(anonymous_3)
FN:188,(anonymous_4)
FN:209,(anonymous_5)
FNF:6
FNH:2
FNDA:4,(anonymous_0)
FNDA:0,(anonymous_1)
FNDA:7,(anonymous_2)
FNDA:0,(anonymous_3)
FNDA:0,(anonymous_4)
FNDA:0,(anonymous_5)
DA:1,4
DA:2,4
DA:3,4
DA:4,4
DA:5,4
DA:31,4
DA:35,4
DA:38,0
DA:41,0
DA:42,0
DA:46,0
DA:47,0
DA:48,0
DA:52,0
DA:56,0
DA:57,0
DA:61,0
DA:64,0
DA:65,0
DA:68,0
DA:90,0
DA:91,0
DA:93,0
DA:97,0
DA:104,7
DA:107,7
DA:111,7
DA:112,3
DA:116,4
DA:117,4
DA:118,3
DA:122,1
DA:123,1
DA:127,0
DA:133,0
DA:135,0
DA:149,0
DA:151,0
DA:160,0
DA:161,0
DA:165,0
DA:175,0
DA:176,0
DA:178,0
DA:182,0
DA:184,0
DA:189,0
DA:202,0
DA:203,0
DA:206,0
DA:211,0
DA:215,0
DA:216,0
DA:219,0
DA:220,0
DA:224,0
DA:225,0
DA:228,0
DA:237,0
DA:238,0
DA:240,0
DA:241,0
DA:244,0
LF:63
LH:16
BRDA:41,0,0,0
BRDA:41,0,1,0
BRDA:47,1,0,0
BRDA:47,1,1,0
BRDA:56,2,0,0
BRDA:56,2,1,0
BRDA:111,3,0,3
BRDA:111,3,1,4
BRDA:117,4,0,3
BRDA:117,4,1,1
BRDA:122,5,0,1
BRDA:122,5,1,0
BRDA:139,6,0,0
BRDA:139,6,1,0
BRDA:140,7,0,0
BRDA:140,7,1,0
BRDA:160,8,0,0
BRDA:160,8,1,0
BRDA:176,9,0,0
BRDA:176,9,1,0
BRDA:202,10,0,0
BRDA:202,10,1,0
BRDA:215,11,0,0
BRDA:215,11,1,0
BRDA:219,12,0,0
BRDA:219,12,1,0
BRF:26
BRH:5
end_of_record
TN:
SF:src\services\courseService.ts
FN:28,(anonymous_0)
FN:64,(anonymous_1)
FN:92,(anonymous_2)
FN:153,(anonymous_3)
FN:193,(anonymous_4)
FN:215,(anonymous_5)
FN:235,(anonymous_6)
FN:301,(anonymous_7)
FN:396,(anonymous_8)
FN:430,(anonymous_9)
FNF:10
FNH:6
FNDA:44,(anonymous_0)
FNDA:0,(anonymous_1)
FNDA:4,(anonymous_2)
FNDA:40,(anonymous_3)
FNDA:0,(anonymous_4)
FNDA:0,(anonymous_5)
FNDA:42,(anonymous_6)
FNDA:5,(anonymous_7)
FNDA:14,(anonymous_8)
FNDA:0,(anonymous_9)
DA:1,8
DA:27,8
DA:29,44
DA:61,44
DA:65,0
DA:89,0
DA:93,4
DA:141,4
DA:142,0
DA:146,4
DA:147,0
DA:150,4
DA:155,40
DA:160,40
DA:161,0
DA:164,40
DA:165,0
DA:168,40
DA:190,40
DA:195,0
DA:200,0
DA:201,0
DA:204,0
DA:205,0
DA:208,0
DA:212,0
DA:216,0
DA:232,0
DA:237,42
DA:242,42
DA:243,0
DA:246,42
DA:247,1
DA:251,41
DA:260,41
DA:261,3
DA:266,38
DA:267,4
DA:270,34
DA:271,34
DA:291,34
DA:294,0
DA:295,0
DA:297,0
DA:303,5
DA:308,5
DA:309,0
DA:312,5
DA:313,0
DA:317,5
DA:326,5
DA:327,3
DA:331,2
DA:332,2
DA:333,0
DA:337,2
DA:348,2
DA:349,0
DA:352,2
DA:353,0
DA:356,2
DA:357,1
DA:360,1
DA:361,0
DA:365,1
DA:366,1
DA:386,1
DA:389,0
DA:390,0
DA:392,0
DA:397,14
DA:427,14
DA:432,0
DA:436,0
DA:446,0
DA:449,0
DA:463,0
LF:77
LH:44
BRDA:35,0,0,44
BRDA:35,0,1,37
BRDA:36,1,0,44
BRDA:36,1,1,9
BRDA:64,2,0,0
BRDA:66,3,0,0
BRDA:66,3,1,0
BRDA:92,4,0,4
BRDA:141,5,0,0
BRDA:141,5,1,4
BRDA:146,6,0,0
BRDA:146,6,1,4
BRDA:146,7,0,4
BRDA:146,7,1,4
BRDA:160,8,0,0
BRDA:160,8,1,40
BRDA:164,9,0,0
BRDA:164,9,1,40
BRDA:200,10,0,0
BRDA:200,10,1,0
BRDA:204,11,0,0
BRDA:204,11,1,0
BRDA:242,12,0,0
BRDA:242,12,1,42
BRDA:246,13,0,1
BRDA:246,13,1,41
BRDA:260,14,0,3
BRDA:260,14,1,38
BRDA:266,15,0,4
BRDA:266,15,1,34
BRDA:294,16,0,0
BRDA:294,16,1,0
BRDA:294,17,0,0
BRDA:294,17,1,0
BRDA:308,18,0,0
BRDA:308,18,1,5
BRDA:312,19,0,0
BRDA:312,19,1,5
BRDA:326,20,0,3
BRDA:326,20,1,2
BRDA:331,21,0,2
BRDA:331,21,1,0
BRDA:332,22,0,0
BRDA:332,22,1,2
BRDA:348,23,0,0
BRDA:348,23,1,2
BRDA:352,24,0,0
BRDA:352,24,1,2
BRDA:356,25,0,1
BRDA:356,25,1,1
BRDA:360,26,0,0
BRDA:360,26,1,1
BRDA:389,27,0,0
BRDA:389,27,1,0
BRDA:389,28,0,0
BRDA:389,28,1,0
BRDA:446,29,0,0
BRDA:446,29,1,0
BRDA:458,30,0,0
BRDA:458,30,1,0
BRDA:459,31,0,0
BRDA:459,31,1,0
BRF:62
BRH:29
end_of_record
TN:
SF:src\services\emailService.ts
FN:13,(anonymous_1)
FN:23,(anonymous_2)
FN:51,(anonymous_3)
FN:77,(anonymous_4)
FN:195,(anonymous_5)
FN:222,(anonymous_6)
FN:248,(anonymous_7)
FN:394,(anonymous_8)
FNF:8
FNH:1
FNDA:7,(anonymous_1)
FNDA:0,(anonymous_2)
FNDA:0,(anonymous_3)
FNDA:0,(anonymous_4)
FNDA:0,(anonymous_5)
FNDA:0,(anonymous_6)
FNDA:0,(anonymous_7)
FNDA:0,(anonymous_8)
DA:1,4
DA:10,4
DA:14,7
DA:24,0
DA:25,0
DA:34,0
DA:35,0
DA:36,0
DA:37,0
DA:38,0
DA:39,0
DA:40,0
DA:43,0
DA:44,0
DA:46,0
DA:47,0
DA:52,0
DA:54,0
DA:55,0
DA:69,0
DA:78,0
DA:196,0
DA:197,0
DA:214,0
DA:223,0
DA:225,0
DA:226,0
DA:240,0
DA:249,0
DA:395,0
LF:30
LH:3
BRDA:15,0,0,7
BRDA:15,0,1,0
BRDA:26,1,0,0
BRDA:26,1,1,0
BRDA:34,2,0,0
BRDA:34,2,1,0
BRDA:34,3,0,0
BRDA:34,3,1,0
BRDA:38,4,0,0
BRDA:38,4,1,0
BRDA:198,5,0,0
BRDA:198,5,1,0
BRDA:363,6,0,0
BRDA:363,6,1,0
BRF:14
BRH:1
end_of_record
TN:
SF:src\services\feedbackService.ts
FN:15,(anonymous_0)
FN:109,(anonymous_1)
FN:200,(anonymous_2)
FN:288,(anonymous_3)
FN:367,(anonymous_4)
FN:398,(anonymous_5)
FN:401,(anonymous_6)
FN:441,(anonymous_7)
FNF:8
FNH:5
FNDA:11,(anonymous_0)
FNDA:11,(anonymous_1)
FNDA:12,(anonymous_2)
FNDA:0,(anonymous_3)
FNDA:0,(anonymous_4)
FNDA:0,(anonymous_5)
FNDA:11,(anonymous_6)
FNDA:10,(anonymous_7)
DA:1,4
DA:14,4
DA:17,11
DA:34,11
DA:35,0
DA:38,11
DA:39,0
DA:43,11
DA:44,0
DA:48,11
DA:49,0
DA:53,11
DA:60,11
DA:61,0
DA:65,11
DA:101,11
DA:106,11
DA:110,11
DA:146,11
DA:147,0
DA:150,11
DA:151,0
DA:155,11
DA:157,11
DA:158,1
DA:162,10
DA:171,10
DA:172,0
DA:176,10
DA:177,0
DA:185,0
DA:186,0
DA:189,0
DA:191,0
DA:192,0
DA:197,10
DA:202,12
DA:220,12
DA:221,0
DA:224,12
DA:225,0
DA:229,12
DA:231,12
DA:232,1
DA:236,11
DA:245,11
DA:246,0
DA:250,11
DA:251,0
DA:259,0
DA:260,0
DA:263,0
DA:265,0
DA:266,0
DA:271,11
DA:285,11
DA:290,0
DA:311,0
DA:312,0
DA:315,0
DA:316,0
DA:320,0
DA:321,0
DA:325,0
DA:326,0
DA:330,0
DA:364,0
DA:368,0
DA:398,0
DA:403,11
DA:404,0
DA:407,11
DA:441,11
LF:73
LH:36
BRDA:34,0,0,0
BRDA:34,0,1,11
BRDA:38,1,0,0
BRDA:38,1,1,11
BRDA:43,2,0,0
BRDA:43,2,1,11
BRDA:48,3,0,0
BRDA:48,3,1,11
BRDA:48,4,0,11
BRDA:48,4,1,8
BRDA:48,4,2,8
BRDA:60,5,0,0
BRDA:60,5,1,11
BRDA:146,6,0,0
BRDA:146,6,1,11
BRDA:150,7,0,0
BRDA:150,7,1,11
BRDA:155,8,0,11
BRDA:155,8,1,0
BRDA:157,9,0,1
BRDA:157,9,1,10
BRDA:171,10,0,0
BRDA:171,10,1,10
BRDA:176,11,0,0
BRDA:176,11,1,10
BRDA:185,12,0,0
BRDA:185,12,1,0
BRDA:189,13,0,0
BRDA:189,13,1,0
BRDA:191,14,0,0
BRDA:191,14,1,0
BRDA:191,15,0,0
BRDA:191,15,1,0
BRDA:220,16,0,0
BRDA:220,16,1,12
BRDA:224,17,0,0
BRDA:224,17,1,12
BRDA:229,18,0,12
BRDA:229,18,1,0
BRDA:231,19,0,1
BRDA:231,19,1,11
BRDA:245,20,0,0
BRDA:245,20,1,11
BRDA:250,21,0,0
BRDA:250,21,1,11
BRDA:259,22,0,0
BRDA:259,22,1,0
BRDA:263,23,0,0
BRDA:263,23,1,0
BRDA:265,24,0,0
BRDA:265,24,1,0
BRDA:311,25,0,0
BRDA:311,25,1,0
BRDA:315,26,0,0
BRDA:315,26,1,0
BRDA:320,27,0,0
BRDA:320,27,1,0
BRDA:325,28,0,0
BRDA:325,28,1,0
BRDA:325,29,0,0
BRDA:325,29,1,0
BRDA:325,29,2,0
BRDA:403,30,0,0
BRDA:403,30,1,11
BRDA:403,31,0,11
BRDA:403,31,1,11
BRF:66
BRH:25
end_of_record
TN:
SF:src\services\lessonService.ts
FN:24,(anonymous_0)
FN:63,(anonymous_1)
FN:105,(anonymous_2)
FN:114,(anonymous_3)
FN:174,(anonymous_4)
FN:217,(anonymous_5)
FN:243,(anonymous_6)
FN:310,(anonymous_7)
FNF:8
FNH:0
FNDA:0,(anonymous_0)
FNDA:0,(anonymous_1)
FNDA:0,(anonymous_2)
FNDA:0,(anonymous_3)
FNDA:0,(anonymous_4)
FNDA:0,(anonymous_5)
FNDA:0,(anonymous_6)
FNDA:0,(anonymous_7)
DA:1,3
DA:23,3
DA:26,0
DA:31,0
DA:32,0
DA:35,0
DA:36,0
DA:39,0
DA:60,0
DA:65,0
DA:66,0
DA:75,0
DA:76,0
DA:80,0
DA:105,0
DA:115,0
DA:140,0
DA:141,0
DA:145,0
DA:146,0
DA:150,0
DA:151,0
DA:160,0
DA:161,0
DA:165,0
DA:176,0
DA:185,0
DA:186,0
DA:189,0
DA:190,0
DA:193,0
DA:194,0
DA:195,0
DA:198,0
DA:211,0
DA:219,0
DA:228,0
DA:229,0
DA:232,0
DA:233,0
DA:236,0
DA:240,0
DA:245,0
DA:250,0
DA:251,0
DA:254,0
DA:255,0
DA:259,0
DA:268,0
DA:269,0
DA:273,0
DA:282,0
DA:284,0
DA:288,0
DA:305,0
DA:307,0
DA:312,0
DA:316,0
DA:326,0
DA:329,0
LF:60
LH:2
BRDA:31,0,0,0
BRDA:31,0,1,0
BRDA:35,1,0,0
BRDA:35,1,1,0
BRDA:46,2,0,0
BRDA:46,2,1,0
BRDA:63,3,0,0
BRDA:65,4,0,0
BRDA:65,4,1,0
BRDA:75,5,0,0
BRDA:75,5,1,0
BRDA:83,6,0,0
BRDA:83,6,1,0
BRDA:86,7,0,0
BRDA:86,7,1,0
BRDA:108,8,0,0
BRDA:108,8,1,0
BRDA:109,9,0,0
BRDA:109,9,1,0
BRDA:109,10,0,0
BRDA:109,10,1,0
BRDA:114,11,0,0
BRDA:125,12,0,0
BRDA:125,12,1,0
BRDA:140,13,0,0
BRDA:140,13,1,0
BRDA:145,14,0,0
BRDA:145,14,1,0
BRDA:145,15,0,0
BRDA:145,15,1,0
BRDA:150,16,0,0
BRDA:150,16,1,0
BRDA:160,17,0,0
BRDA:160,17,1,0
BRDA:168,18,0,0
BRDA:168,18,1,0
BRDA:169,19,0,0
BRDA:169,19,1,0
BRDA:169,20,0,0
BRDA:169,20,1,0
BRDA:185,21,0,0
BRDA:185,21,1,0
BRDA:189,22,0,0
BRDA:189,22,1,0
BRDA:194,23,0,0
BRDA:194,23,1,0
BRDA:228,24,0,0
BRDA:228,24,1,0
BRDA:232,25,0,0
BRDA:232,25,1,0
BRDA:250,26,0,0
BRDA:250,26,1,0
BRDA:254,27,0,0
BRDA:254,27,1,0
BRDA:268,28,0,0
BRDA:268,28,1,0
BRDA:282,29,0,0
BRDA:282,29,1,0
BRDA:326,30,0,0
BRDA:326,30,1,0
BRDA:338,31,0,0
BRDA:338,31,1,0
BRDA:339,32,0,0
BRDA:339,32,1,0
BRF:64
BRH:0
end_of_record
TN:
SF:src\services\paymentService.ts
FN:24,(anonymous_1)
FN:109,(anonymous_2)
FN:125,(anonymous_3)
FN:171,(anonymous_4)
FN:189,(anonymous_5)
FN:222,(anonymous_6)
FN:255,(anonymous_7)
FN:336,(anonymous_8)
FNF:8
FNH:4
FNDA:5,(anonymous_1)
FNDA:0,(anonymous_2)
FNDA:0,(anonymous_3)
FNDA:0,(anonymous_4)
FNDA:4,(anonymous_5)
FNDA:2,(anonymous_6)
FNDA:5,(anonymous_7)
FNDA:0,(anonymous_8)
DA:1,5
DA:2,5
DA:4,5
DA:20,5
DA:25,5
DA:28,5
DA:33,5
DA:34,2
DA:37,3
DA:38,2
DA:42,1
DA:51,1
DA:52,1
DA:56,0
DA:69,0
DA:95,0
DA:100,0
DA:110,0
DA:112,0
DA:113,0
DA:115,0
DA:116,0
DA:118,0
DA:126,0
DA:128,0
DA:130,0
DA:136,0
DA:145,0
DA:146,0
DA:157,0
DA:159,0
DA:161,0
DA:173,0
DA:177,0
DA:178,0
DA:182,0
DA:190,4
DA:212,4
DA:213,2
DA:216,2
DA:223,2
DA:245,2
DA:246,1
DA:249,1
DA:257,5
DA:282,5
DA:283,0
DA:286,5
DA:287,2
DA:290,3
DA:291,0
DA:295,3
DA:304,3
DA:305,0
DA:309,3
DA:330,3
DA:337,0
DA:338,0
LF:58
LH:30
BRDA:33,0,0,2
BRDA:33,0,1,3
BRDA:37,1,0,2
BRDA:37,1,1,1
BRDA:51,2,0,1
BRDA:51,2,1,0
BRDA:110,3,0,0
BRDA:110,3,1,0
BRDA:110,3,2,0
BRDA:145,4,0,0
BRDA:145,4,1,0
BRDA:177,5,0,0
BRDA:177,5,1,0
BRDA:212,6,0,2
BRDA:212,6,1,2
BRDA:245,7,0,1
BRDA:245,7,1,1
BRDA:282,8,0,0
BRDA:282,8,1,5
BRDA:286,9,0,2
BRDA:286,9,1,3
BRDA:290,10,0,0
BRDA:290,10,1,3
BRDA:304,11,0,0
BRDA:304,11,1,3
BRF:25
BRH:14
end_of_record
TN:
SF:src\services\projectService.ts
FN:32,(anonymous_0)
FN:41,(anonymous_1)
FN:57,(anonymous_2)
FN:77,(anonymous_3)
FN:101,(anonymous_4)
FN:118,(anonymous_5)
FNF:6
FNH:6
FNDA:1,(anonymous_0)
FNDA:3,(anonymous_1)
FNDA:1,(anonymous_2)
FNDA:2,(anonymous_3)
FNDA:2,(anonymous_4)
FNDA:1,(anonymous_5)
DA:1,3
DA:3,3
DA:31,3
DA:33,1
DA:35,1
DA:42,3
DA:46,3
DA:50,3
DA:51,2
DA:54,1
DA:59,1
DA:61,1
DA:79,2
DA:83,2
DA:84,1
DA:88,1
DA:91,1
DA:92,1
DA:95,1
DA:103,2
DA:107,2
DA:108,1
DA:111,1
DA:115,1
DA:119,1
LF:25
LH:25
BRDA:32,0,0,0
BRDA:33,1,0,1
BRDA:33,1,1,0
BRDA:41,2,0,0
BRDA:42,3,0,0
BRDA:42,3,1,3
BRDA:50,4,0,2
BRDA:50,4,1,1
BRDA:72,5,0,1
BRDA:72,5,1,0
BRDA:83,6,0,1
BRDA:83,6,1,1
BRDA:91,7,0,1
BRDA:91,7,1,0
BRDA:107,8,0,1
BRDA:107,8,1,1
BRF:16
BRH:10
end_of_record
TN:
SF:src\services\submissionService.ts
FN:17,(anonymous_0)
FN:129,(anonymous_1)
FN:222,(anonymous_2)
FN:283,(anonymous_3)
FN:319,(anonymous_4)
FNF:5
FNH:2
FNDA:38,(anonymous_0)
FNDA:37,(anonymous_1)
FNDA:0,(anonymous_2)
FNDA:0,(anonymous_3)
FNDA:0,(anonymous_4)
DA:1,5
DA:16,5
DA:19,38
DA:32,38
DA:33,0
DA:36,38
DA:37,0
DA:41,38
DA:50,38
DA:51,0
DA:55,38
DA:56,0
DA:64,0
DA:65,0
DA:70,38
DA:77,38
DA:78,0
DA:82,38
DA:83,0
DA:86,38
DA:87,0
DA:91,38
DA:92,38
DA:95,38
DA:126,38
DA:130,37
DA:168,37
DA:169,0
DA:172,37
DA:173,0
DA:177,37
DA:179,37
DA:180,0
DA:184,37
DA:193,37
DA:194,0
DA:198,37
DA:199,0
DA:207,0
DA:208,0
DA:211,0
DA:213,0
DA:214,0
DA:219,37
DA:224,0
DA:237,0
DA:238,0
DA:241,0
DA:242,0
DA:246,0
DA:247,0
DA:250,0
DA:251,0
DA:254,0
DA:280,0
DA:285,0
DA:286,0
DA:289,0
DA:319,0
LF:59
LH:25
BRDA:32,0,0,0
BRDA:32,0,1,38
BRDA:36,1,0,0
BRDA:36,1,1,38
BRDA:50,2,0,0
BRDA:50,2,1,38
BRDA:55,3,0,0
BRDA:55,3,1,38
BRDA:64,4,0,0
BRDA:64,4,1,0
BRDA:77,5,0,0
BRDA:77,5,1,38
BRDA:82,6,0,0
BRDA:82,6,1,38
BRDA:82,7,0,38
BRDA:82,7,1,26
BRDA:86,8,0,0
BRDA:86,8,1,38
BRDA:86,9,0,38
BRDA:86,9,1,12
BRDA:92,10,0,27
BRDA:92,10,1,11
BRDA:168,11,0,0
BRDA:168,11,1,37
BRDA:172,12,0,0
BRDA:172,12,1,37
BRDA:177,13,0,37
BRDA:177,13,1,0
BRDA:179,14,0,0
BRDA:179,14,1,37
BRDA:193,15,0,0
BRDA:193,15,1,37
BRDA:198,16,0,0
BRDA:198,16,1,37
BRDA:207,17,0,0
BRDA:207,17,1,0
BRDA:211,18,0,0
BRDA:211,18,1,0
BRDA:213,19,0,0
BRDA:213,19,1,0
BRDA:237,20,0,0
BRDA:237,20,1,0
BRDA:241,21,0,0
BRDA:241,21,1,0
BRDA:246,22,0,0
BRDA:246,22,1,0
BRDA:250,23,0,0
BRDA:250,23,1,0
BRDA:250,24,0,0
BRDA:250,24,1,0
BRDA:285,25,0,0
BRDA:285,25,1,0
BRDA:285,26,0,0
BRDA:285,26,1,0
BRF:54
BRH:19
end_of_record
TN:
SF:src\utils\jwt.ts
FN:12,(anonymous_1)
FN:16,(anonymous_2)
FNF:2
FNH:2
FNDA:281,(anonymous_1)
FNDA:73,(anonymous_2)
DA:1,6
DA:3,6
DA:4,6
DA:12,6
DA:13,281
DA:16,6
DA:17,73
LF:7
LH:7
BRDA:3,0,0,6
BRDA:3,0,1,0
BRDA:4,1,0,6
BRDA:4,1,1,0
BRF:4
BRH:2
end_of_record
TN:
SF:src\utils\password.ts
FN:5,(anonymous_1)
FN:9,(anonymous_2)
FNF:2
FNH:2
FNDA:92,(anonymous_1)
FNDA:4,(anonymous_2)
DA:1,9
DA:3,9
DA:5,9
DA:6,92
DA:9,9
DA:10,4
LF:6
LH:6
BRF:0
BRH:0
end_of_record
TN:
SF:src\utils\prisma.ts
FNF:0
FNH:0
DA:1,12
DA:3,12
DA:7,12
DA:9,12
LF:4
LH:4
BRDA:7,0,0,12
BRDA:7,0,1,12
BRDA:9,1,0,12
BRDA:9,1,1,0
BRF:4
BRH:3
end_of_record
TN:
SF:src\utils\validation.ts
FN:1,(anonymous_0)
FN:6,(anonymous_1)
FNF:2
FNH:0
FNDA:0,(anonymous_0)
FNDA:0,(anonymous_1)
DA:1,4
DA:2,0
DA:3,0
DA:6,4
DA:7,0
DA:8,0
DA:11,0
DA:12,0
DA:15,0
DA:16,0
DA:19,0
DA:20,0
DA:23,0
LF:13
LH:2
BRDA:7,0,0,0
BRDA:7,0,1,0
BRDA:11,1,0,0
BRDA:11,1,1,0
BRDA:15,2,0,0
BRDA:15,2,1,0
BRDA:19,3,0,0
BRDA:19,3,1,0
BRF:8
BRH:0
end_of_record
